{"C:\\Users\\Yugam\\Downloads\\Zestio\\backend\\config\\database.js": {"path":"C:\\Users\\Yugam\\Downloads\\Zestio\\backend\\config\\database.js","statementMap":{"0":{"start":{"line":1,"column":14},"end":{"line":1,"column":39}},"1":{"start":{"line":2,"column":0},"end":{"line":2,"column":27}},"2":{"start":{"line":5,"column":13},"end":{"line":14,"column":2}},"3":{"start":{"line":18,"column":2},"end":{"line":25,"column":3}},"4":{"start":{"line":19,"column":23},"end":{"line":19,"column":49}},"5":{"start":{"line":20,"column":4},"end":{"line":20,"column":53}},"6":{"start":{"line":21,"column":4},"end":{"line":21,"column":25}},"7":{"start":{"line":23,"column":4},"end":{"line":23,"column":66}},"8":{"start":{"line":24,"column":4},"end":{"line":24,"column":20}},"9":{"start":{"line":30,"column":2},"end":{"line":43,"column":3}},"10":{"start":{"line":31,"column":23},"end":{"line":31,"column":49}},"11":{"start":{"line":34,"column":4},"end":{"line":34,"column":98}},"12":{"start":{"line":35,"column":4},"end":{"line":35,"column":72}},"13":{"start":{"line":37,"column":4},"end":{"line":37,"column":43}},"14":{"start":{"line":39,"column":4},"end":{"line":39,"column":25}},"15":{"start":{"line":41,"column":4},"end":{"line":41,"column":70}},"16":{"start":{"line":42,"column":4},"end":{"line":42,"column":20}},"17":{"start":{"line":46,"column":0},"end":{"line":50,"column":2}}},"fnMap":{"0":{"name":"testConnection","decl":{"start":{"line":17,"column":15},"end":{"line":17,"column":29}},"loc":{"start":{"line":17,"column":32},"end":{"line":26,"column":1}},"line":17},"1":{"name":"initializeDatabase","decl":{"start":{"line":29,"column":15},"end":{"line":29,"column":33}},"loc":{"start":{"line":29,"column":36},"end":{"line":44,"column":1}},"line":29}},"branchMap":{"0":{"loc":{"start":{"line":6,"column":8},"end":{"line":6,"column":42}},"type":"binary-expr","locations":[{"start":{"line":6,"column":8},"end":{"line":6,"column":27}},{"start":{"line":6,"column":31},"end":{"line":6,"column":42}}],"line":6},"1":{"loc":{"start":{"line":7,"column":8},"end":{"line":7,"column":35}},"type":"binary-expr","locations":[{"start":{"line":7,"column":8},"end":{"line":7,"column":27}},{"start":{"line":7,"column":31},"end":{"line":7,"column":35}}],"line":7},"2":{"loc":{"start":{"line":8,"column":8},"end":{"line":8,"column":37}},"type":"binary-expr","locations":[{"start":{"line":8,"column":8},"end":{"line":8,"column":27}},{"start":{"line":8,"column":31},"end":{"line":8,"column":37}}],"line":8},"3":{"loc":{"start":{"line":9,"column":12},"end":{"line":9,"column":45}},"type":"binary-expr","locations":[{"start":{"line":9,"column":12},"end":{"line":9,"column":35}},{"start":{"line":9,"column":39},"end":{"line":9,"column":45}}],"line":9},"4":{"loc":{"start":{"line":10,"column":12},"end":{"line":10,"column":46}},"type":"binary-expr","locations":[{"start":{"line":10,"column":12},"end":{"line":10,"column":31}},{"start":{"line":10,"column":35},"end":{"line":10,"column":46}}],"line":10},"5":{"loc":{"start":{"line":34,"column":60},"end":{"line":34,"column":94}},"type":"binary-expr","locations":[{"start":{"line":34,"column":60},"end":{"line":34,"column":79}},{"start":{"line":34,"column":83},"end":{"line":34,"column":94}}],"line":34},"6":{"loc":{"start":{"line":35,"column":34},"end":{"line":35,"column":68}},"type":"binary-expr","locations":[{"start":{"line":35,"column":34},"end":{"line":35,"column":53}},{"start":{"line":35,"column":57},"end":{"line":35,"column":68}}],"line":35}},"s":{"0":0,"1":0,"2":0,"3":0,"4":0,"5":0,"6":0,"7":0,"8":0,"9":0,"10":0,"11":0,"12":0,"13":0,"14":0,"15":0,"16":0,"17":0},"f":{"0":0,"1":0},"b":{"0":[0,0],"1":[0,0],"2":[0,0],"3":[0,0],"4":[0,0],"5":[0,0],"6":[0,0]}}
,"C:\\Users\\Yugam\\Downloads\\Zestio\\backend\\config\\schema.js": {"path":"C:\\Users\\Yugam\\Downloads\\Zestio\\backend\\config\\schema.js","statementMap":{"0":{"start":{"line":1,"column":17},"end":{"line":1,"column":46}},"1":{"start":{"line":5,"column":2},"end":{"line":164,"column":3}},"2":{"start":{"line":6,"column":23},"end":{"line":6,"column":49}},"3":{"start":{"line":9,"column":4},"end":{"line":23,"column":7}},"4":{"start":{"line":26,"column":4},"end":{"line":54,"column":7}},"5":{"start":{"line":57,"column":4},"end":{"line":73,"column":7}},"6":{"start":{"line":76,"column":4},"end":{"line":102,"column":7}},"7":{"start":{"line":105,"column":4},"end":{"line":119,"column":7}},"8":{"start":{"line":122,"column":4},"end":{"line":139,"column":7}},"9":{"start":{"line":142,"column":4},"end":{"line":157,"column":7}},"10":{"start":{"line":159,"column":4},"end":{"line":159,"column":63}},"11":{"start":{"line":160,"column":4},"end":{"line":160,"column":25}},"12":{"start":{"line":162,"column":4},"end":{"line":162,"column":61}},"13":{"start":{"line":163,"column":4},"end":{"line":163,"column":16}},"14":{"start":{"line":167,"column":0},"end":{"line":167,"column":34}}},"fnMap":{"0":{"name":"createTables","decl":{"start":{"line":4,"column":15},"end":{"line":4,"column":27}},"loc":{"start":{"line":4,"column":30},"end":{"line":165,"column":1}},"line":4}},"branchMap":{},"s":{"0":0,"1":0,"2":0,"3":0,"4":0,"5":0,"6":0,"7":0,"8":0,"9":0,"10":0,"11":0,"12":0,"13":0,"14":0},"f":{"0":0},"b":{}}
,"C:\\Users\\Yugam\\Downloads\\Zestio\\backend\\middleware\\auth.js": {"path":"C:\\Users\\Yugam\\Downloads\\Zestio\\backend\\middleware\\auth.js","statementMap":{"0":{"start":{"line":1,"column":12},"end":{"line":1,"column":35}},"1":{"start":{"line":4,"column":26},"end":{"line":19,"column":1}},"2":{"start":{"line":5,"column":21},"end":{"line":5,"column":49}},"3":{"start":{"line":6,"column":16},"end":{"line":6,"column":54}},"4":{"start":{"line":8,"column":2},"end":{"line":10,"column":3}},"5":{"start":{"line":9,"column":4},"end":{"line":9,"column":68}},"6":{"start":{"line":12,"column":2},"end":{"line":18,"column":5}},"7":{"start":{"line":13,"column":4},"end":{"line":15,"column":5}},"8":{"start":{"line":14,"column":6},"end":{"line":14,"column":73}},"9":{"start":{"line":16,"column":4},"end":{"line":16,"column":20}},"10":{"start":{"line":17,"column":4},"end":{"line":17,"column":11}},"11":{"start":{"line":22,"column":23},"end":{"line":31,"column":1}},"12":{"start":{"line":23,"column":2},"end":{"line":30,"column":4}},"13":{"start":{"line":24,"column":4},"end":{"line":28,"column":5}},"14":{"start":{"line":25,"column":6},"end":{"line":27,"column":9}},"15":{"start":{"line":29,"column":4},"end":{"line":29,"column":11}},"16":{"start":{"line":34,"column":31},"end":{"line":55,"column":1}},"17":{"start":{"line":35,"column":2},"end":{"line":54,"column":4}},"18":{"start":{"line":36,"column":4},"end":{"line":53,"column":5}},"19":{"start":{"line":38,"column":6},"end":{"line":40,"column":7}},"20":{"start":{"line":39,"column":8},"end":{"line":39,"column":22}},"21":{"start":{"line":43,"column":25},"end":{"line":43,"column":65}},"22":{"start":{"line":44,"column":6},"end":{"line":48,"column":7}},"23":{"start":{"line":45,"column":8},"end":{"line":47,"column":11}},"24":{"start":{"line":50,"column":6},"end":{"line":50,"column":13}},"25":{"start":{"line":52,"column":6},"end":{"line":52,"column":75}},"26":{"start":{"line":57,"column":0},"end":{"line":61,"column":2}}},"fnMap":{"0":{"name":"(anonymous_0)","decl":{"start":{"line":4,"column":26},"end":{"line":4,"column":27}},"loc":{"start":{"line":4,"column":46},"end":{"line":19,"column":1}},"line":4},"1":{"name":"(anonymous_1)","decl":{"start":{"line":12,"column":44},"end":{"line":12,"column":45}},"loc":{"start":{"line":12,"column":59},"end":{"line":18,"column":3}},"line":12},"2":{"name":"(anonymous_2)","decl":{"start":{"line":22,"column":23},"end":{"line":22,"column":24}},"loc":{"start":{"line":22,"column":37},"end":{"line":31,"column":1}},"line":22},"3":{"name":"(anonymous_3)","decl":{"start":{"line":23,"column":9},"end":{"line":23,"column":10}},"loc":{"start":{"line":23,"column":29},"end":{"line":30,"column":3}},"line":23},"4":{"name":"(anonymous_4)","decl":{"start":{"line":34,"column":31},"end":{"line":34,"column":32}},"loc":{"start":{"line":34,"column":62},"end":{"line":55,"column":1}},"line":34},"5":{"name":"(anonymous_5)","decl":{"start":{"line":35,"column":9},"end":{"line":35,"column":10}},"loc":{"start":{"line":35,"column":35},"end":{"line":54,"column":3}},"line":35}},"branchMap":{"0":{"loc":{"start":{"line":6,"column":16},"end":{"line":6,"column":54}},"type":"binary-expr","locations":[{"start":{"line":6,"column":16},"end":{"line":6,"column":26}},{"start":{"line":6,"column":30},"end":{"line":6,"column":54}}],"line":6},"1":{"loc":{"start":{"line":8,"column":2},"end":{"line":10,"column":3}},"type":"if","locations":[{"start":{"line":8,"column":2},"end":{"line":10,"column":3}},{"start":{},"end":{}}],"line":8},"2":{"loc":{"start":{"line":13,"column":4},"end":{"line":15,"column":5}},"type":"if","locations":[{"start":{"line":13,"column":4},"end":{"line":15,"column":5}},{"start":{},"end":{}}],"line":13},"3":{"loc":{"start":{"line":24,"column":4},"end":{"line":28,"column":5}},"type":"if","locations":[{"start":{"line":24,"column":4},"end":{"line":28,"column":5}},{"start":{},"end":{}}],"line":24},"4":{"loc":{"start":{"line":34,"column":32},"end":{"line":34,"column":57}},"type":"default-arg","locations":[{"start":{"line":34,"column":48},"end":{"line":34,"column":57}}],"line":34},"5":{"loc":{"start":{"line":38,"column":6},"end":{"line":40,"column":7}},"type":"if","locations":[{"start":{"line":38,"column":6},"end":{"line":40,"column":7}},{"start":{},"end":{}}],"line":38},"6":{"loc":{"start":{"line":43,"column":25},"end":{"line":43,"column":65}},"type":"binary-expr","locations":[{"start":{"line":43,"column":25},"end":{"line":43,"column":38}},{"start":{"line":43,"column":42},"end":{"line":43,"column":65}}],"line":43},"7":{"loc":{"start":{"line":44,"column":6},"end":{"line":48,"column":7}},"type":"if","locations":[{"start":{"line":44,"column":6},"end":{"line":48,"column":7}},{"start":{},"end":{}}],"line":44}},"s":{"0":0,"1":0,"2":0,"3":0,"4":0,"5":0,"6":0,"7":0,"8":0,"9":0,"10":0,"11":0,"12":0,"13":0,"14":0,"15":0,"16":0,"17":0,"18":0,"19":0,"20":0,"21":0,"22":0,"23":0,"24":0,"25":0,"26":0},"f":{"0":0,"1":0,"2":0,"3":0,"4":0,"5":0},"b":{"0":[0,0],"1":[0,0],"2":[0,0],"3":[0,0],"4":[0],"5":[0,0],"6":[0,0],"7":[0,0]}}
,"C:\\Users\\Yugam\\Downloads\\Zestio\\backend\\routes\\auth.js": {"path":"C:\\Users\\Yugam\\Downloads\\Zestio\\backend\\routes\\auth.js","statementMap":{"0":{"start":{"line":1,"column":16},"end":{"line":1,"column":34}},"1":{"start":{"line":2,"column":15},"end":{"line":2,"column":34}},"2":{"start":{"line":3,"column":12},"end":{"line":3,"column":35}},"3":{"start":{"line":4,"column":35},"end":{"line":4,"column":63}},"4":{"start":{"line":5,"column":17},"end":{"line":5,"column":46}},"5":{"start":{"line":6,"column":30},"end":{"line":6,"column":59}},"6":{"start":{"line":7,"column":29},"end":{"line":7,"column":61}},"7":{"start":{"line":9,"column":15},"end":{"line":9,"column":31}},"8":{"start":{"line":12,"column":0},"end":{"line":82,"column":3}},"9":{"start":{"line":18,"column":2},"end":{"line":81,"column":3}},"10":{"start":{"line":19,"column":19},"end":{"line":19,"column":40}},"11":{"start":{"line":20,"column":4},"end":{"line":22,"column":5}},"12":{"start":{"line":21,"column":6},"end":{"line":21,"column":62}},"13":{"start":{"line":24,"column":44},"end":{"line":24,"column":52}},"14":{"start":{"line":27,"column":28},"end":{"line":30,"column":5}},"15":{"start":{"line":32,"column":4},"end":{"line":34,"column":5}},"16":{"start":{"line":33,"column":6},"end":{"line":33,"column":84}},"17":{"start":{"line":37,"column":23},"end":{"line":37,"column":25}},"18":{"start":{"line":38,"column":27},"end":{"line":38,"column":66}},"19":{"start":{"line":41,"column":21},"end":{"line":44,"column":5}},"20":{"start":{"line":47,"column":4},"end":{"line":52,"column":5}},"21":{"start":{"line":48,"column":6},"end":{"line":48,"column":42}},"22":{"start":{"line":50,"column":6},"end":{"line":50,"column":65}},"23":{"start":{"line":55,"column":18},"end":{"line":64,"column":5}},"24":{"start":{"line":67,"column":22},"end":{"line":70,"column":5}},"25":{"start":{"line":72,"column":4},"end":{"line":76,"column":7}},"26":{"start":{"line":79,"column":4},"end":{"line":79,"column":48}},"27":{"start":{"line":80,"column":4},"end":{"line":80,"column":59}},"28":{"start":{"line":85,"column":0},"end":{"line":144,"column":3}},"29":{"start":{"line":89,"column":2},"end":{"line":143,"column":3}},"30":{"start":{"line":90,"column":19},"end":{"line":90,"column":40}},"31":{"start":{"line":91,"column":4},"end":{"line":93,"column":5}},"32":{"start":{"line":92,"column":6},"end":{"line":92,"column":62}},"33":{"start":{"line":95,"column":32},"end":{"line":95,"column":40}},"34":{"start":{"line":98,"column":20},"end":{"line":101,"column":5}},"35":{"start":{"line":103,"column":4},"end":{"line":105,"column":5}},"36":{"start":{"line":104,"column":6},"end":{"line":104,"column":74}},"37":{"start":{"line":107,"column":17},"end":{"line":107,"column":25}},"38":{"start":{"line":109,"column":4},"end":{"line":111,"column":5}},"39":{"start":{"line":110,"column":6},"end":{"line":110,"column":71}},"40":{"start":{"line":114,"column":28},"end":{"line":114,"column":73}},"41":{"start":{"line":115,"column":4},"end":{"line":117,"column":5}},"42":{"start":{"line":116,"column":6},"end":{"line":116,"column":74}},"43":{"start":{"line":120,"column":18},"end":{"line":129,"column":5}},"44":{"start":{"line":132,"column":52},"end":{"line":132,"column":56}},"45":{"start":{"line":134,"column":4},"end":{"line":138,"column":7}},"46":{"start":{"line":141,"column":4},"end":{"line":141,"column":41}},"47":{"start":{"line":142,"column":4},"end":{"line":142,"column":52}},"48":{"start":{"line":147,"column":0},"end":{"line":163,"column":3}},"49":{"start":{"line":148,"column":2},"end":{"line":162,"column":3}},"50":{"start":{"line":149,"column":20},"end":{"line":152,"column":5}},"51":{"start":{"line":154,"column":4},"end":{"line":156,"column":5}},"52":{"start":{"line":155,"column":6},"end":{"line":155,"column":63}},"53":{"start":{"line":158,"column":4},"end":{"line":158,"column":33}},"54":{"start":{"line":160,"column":4},"end":{"line":160,"column":44}},"55":{"start":{"line":161,"column":4},"end":{"line":161,"column":63}},"56":{"start":{"line":166,"column":0},"end":{"line":220,"column":3}},"57":{"start":{"line":171,"column":2},"end":{"line":219,"column":3}},"58":{"start":{"line":172,"column":19},"end":{"line":172,"column":40}},"59":{"start":{"line":173,"column":4},"end":{"line":175,"column":5}},"60":{"start":{"line":174,"column":6},"end":{"line":174,"column":62}},"61":{"start":{"line":177,"column":37},"end":{"line":177,"column":45}},"62":{"start":{"line":178,"column":25},"end":{"line":178,"column":27}},"63":{"start":{"line":179,"column":25},"end":{"line":179,"column":27}},"64":{"start":{"line":181,"column":4},"end":{"line":184,"column":5}},"65":{"start":{"line":182,"column":6},"end":{"line":182,"column":36}},"66":{"start":{"line":183,"column":6},"end":{"line":183,"column":30}},"67":{"start":{"line":185,"column":4},"end":{"line":188,"column":5}},"68":{"start":{"line":186,"column":6},"end":{"line":186,"column":37}},"69":{"start":{"line":187,"column":6},"end":{"line":187,"column":31}},"70":{"start":{"line":189,"column":4},"end":{"line":192,"column":5}},"71":{"start":{"line":190,"column":6},"end":{"line":190,"column":39}},"72":{"start":{"line":191,"column":6},"end":{"line":191,"column":33}},"73":{"start":{"line":194,"column":4},"end":{"line":196,"column":5}},"74":{"start":{"line":195,"column":6},"end":{"line":195,"column":68}},"75":{"start":{"line":198,"column":4},"end":{"line":198,"column":35}},"76":{"start":{"line":200,"column":4},"end":{"line":203,"column":6}},"77":{"start":{"line":206,"column":20},"end":{"line":209,"column":5}},"78":{"start":{"line":211,"column":4},"end":{"line":214,"column":7}},"79":{"start":{"line":217,"column":4},"end":{"line":217,"column":50}},"80":{"start":{"line":218,"column":4},"end":{"line":218,"column":64}},"81":{"start":{"line":223,"column":0},"end":{"line":265,"column":3}},"82":{"start":{"line":226,"column":2},"end":{"line":264,"column":3}},"83":{"start":{"line":227,"column":19},"end":{"line":227,"column":40}},"84":{"start":{"line":228,"column":4},"end":{"line":230,"column":5}},"85":{"start":{"line":229,"column":6},"end":{"line":229,"column":62}},"86":{"start":{"line":232,"column":22},"end":{"line":232,"column":30}},"87":{"start":{"line":235,"column":20},"end":{"line":238,"column":5}},"88":{"start":{"line":240,"column":4},"end":{"line":245,"column":5}},"89":{"start":{"line":242,"column":6},"end":{"line":244,"column":9}},"90":{"start":{"line":255,"column":4},"end":{"line":255,"column":64}},"91":{"start":{"line":257,"column":4},"end":{"line":259,"column":7}},"92":{"start":{"line":262,"column":4},"end":{"line":262,"column":51}},"93":{"start":{"line":263,"column":4},"end":{"line":263,"column":81}},"94":{"start":{"line":267,"column":0},"end":{"line":267,"column":24}}},"fnMap":{"0":{"name":"(anonymous_0)","decl":{"start":{"line":17,"column":3},"end":{"line":17,"column":4}},"loc":{"start":{"line":17,"column":23},"end":{"line":82,"column":1}},"line":17},"1":{"name":"(anonymous_1)","decl":{"start":{"line":88,"column":3},"end":{"line":88,"column":4}},"loc":{"start":{"line":88,"column":23},"end":{"line":144,"column":1}},"line":88},"2":{"name":"(anonymous_2)","decl":{"start":{"line":147,"column":37},"end":{"line":147,"column":38}},"loc":{"start":{"line":147,"column":57},"end":{"line":163,"column":1}},"line":147},"3":{"name":"(anonymous_3)","decl":{"start":{"line":170,"column":3},"end":{"line":170,"column":4}},"loc":{"start":{"line":170,"column":23},"end":{"line":220,"column":1}},"line":170},"4":{"name":"(anonymous_4)","decl":{"start":{"line":225,"column":3},"end":{"line":225,"column":4}},"loc":{"start":{"line":225,"column":23},"end":{"line":265,"column":1}},"line":225}},"branchMap":{"0":{"loc":{"start":{"line":20,"column":4},"end":{"line":22,"column":5}},"type":"if","locations":[{"start":{"line":20,"column":4},"end":{"line":22,"column":5}},{"start":{},"end":{}}],"line":20},"1":{"loc":{"start":{"line":32,"column":4},"end":{"line":34,"column":5}},"type":"if","locations":[{"start":{"line":32,"column":4},"end":{"line":34,"column":5}},{"start":{},"end":{}}],"line":32},"2":{"loc":{"start":{"line":91,"column":4},"end":{"line":93,"column":5}},"type":"if","locations":[{"start":{"line":91,"column":4},"end":{"line":93,"column":5}},{"start":{},"end":{}}],"line":91},"3":{"loc":{"start":{"line":103,"column":4},"end":{"line":105,"column":5}},"type":"if","locations":[{"start":{"line":103,"column":4},"end":{"line":105,"column":5}},{"start":{},"end":{}}],"line":103},"4":{"loc":{"start":{"line":109,"column":4},"end":{"line":111,"column":5}},"type":"if","locations":[{"start":{"line":109,"column":4},"end":{"line":111,"column":5}},{"start":{},"end":{}}],"line":109},"5":{"loc":{"start":{"line":115,"column":4},"end":{"line":117,"column":5}},"type":"if","locations":[{"start":{"line":115,"column":4},"end":{"line":117,"column":5}},{"start":{},"end":{}}],"line":115},"6":{"loc":{"start":{"line":154,"column":4},"end":{"line":156,"column":5}},"type":"if","locations":[{"start":{"line":154,"column":4},"end":{"line":156,"column":5}},{"start":{},"end":{}}],"line":154},"7":{"loc":{"start":{"line":173,"column":4},"end":{"line":175,"column":5}},"type":"if","locations":[{"start":{"line":173,"column":4},"end":{"line":175,"column":5}},{"start":{},"end":{}}],"line":173},"8":{"loc":{"start":{"line":181,"column":4},"end":{"line":184,"column":5}},"type":"if","locations":[{"start":{"line":181,"column":4},"end":{"line":184,"column":5}},{"start":{},"end":{}}],"line":181},"9":{"loc":{"start":{"line":185,"column":4},"end":{"line":188,"column":5}},"type":"if","locations":[{"start":{"line":185,"column":4},"end":{"line":188,"column":5}},{"start":{},"end":{}}],"line":185},"10":{"loc":{"start":{"line":189,"column":4},"end":{"line":192,"column":5}},"type":"if","locations":[{"start":{"line":189,"column":4},"end":{"line":192,"column":5}},{"start":{},"end":{}}],"line":189},"11":{"loc":{"start":{"line":194,"column":4},"end":{"line":196,"column":5}},"type":"if","locations":[{"start":{"line":194,"column":4},"end":{"line":196,"column":5}},{"start":{},"end":{}}],"line":194},"12":{"loc":{"start":{"line":228,"column":4},"end":{"line":230,"column":5}},"type":"if","locations":[{"start":{"line":228,"column":4},"end":{"line":230,"column":5}},{"start":{},"end":{}}],"line":228},"13":{"loc":{"start":{"line":240,"column":4},"end":{"line":245,"column":5}},"type":"if","locations":[{"start":{"line":240,"column":4},"end":{"line":245,"column":5}},{"start":{},"end":{}}],"line":240}},"s":{"0":0,"1":0,"2":0,"3":0,"4":0,"5":0,"6":0,"7":0,"8":0,"9":0,"10":0,"11":0,"12":0,"13":0,"14":0,"15":0,"16":0,"17":0,"18":0,"19":0,"20":0,"21":0,"22":0,"23":0,"24":0,"25":0,"26":0,"27":0,"28":0,"29":0,"30":0,"31":0,"32":0,"33":0,"34":0,"35":0,"36":0,"37":0,"38":0,"39":0,"40":0,"41":0,"42":0,"43":0,"44":0,"45":0,"46":0,"47":0,"48":0,"49":0,"50":0,"51":0,"52":0,"53":0,"54":0,"55":0,"56":0,"57":0,"58":0,"59":0,"60":0,"61":0,"62":0,"63":0,"64":0,"65":0,"66":0,"67":0,"68":0,"69":0,"70":0,"71":0,"72":0,"73":0,"74":0,"75":0,"76":0,"77":0,"78":0,"79":0,"80":0,"81":0,"82":0,"83":0,"84":0,"85":0,"86":0,"87":0,"88":0,"89":0,"90":0,"91":0,"92":0,"93":0,"94":0},"f":{"0":0,"1":0,"2":0,"3":0,"4":0},"b":{"0":[0,0],"1":[0,0],"2":[0,0],"3":[0,0],"4":[0,0],"5":[0,0],"6":[0,0],"7":[0,0],"8":[0,0],"9":[0,0],"10":[0,0],"11":[0,0],"12":[0,0],"13":[0,0]}}
,"C:\\Users\\Yugam\\Downloads\\Zestio\\backend\\routes\\cart.js": {"path":"C:\\Users\\Yugam\\Downloads\\Zestio\\backend\\routes\\cart.js","statementMap":{"0":{"start":{"line":1,"column":16},"end":{"line":1,"column":34}},"1":{"start":{"line":2,"column":17},"end":{"line":2,"column":46}},"2":{"start":{"line":3,"column":46},"end":{"line":3,"column":75}},"3":{"start":{"line":5,"column":15},"end":{"line":5,"column":31}},"4":{"start":{"line":8,"column":0},"end":{"line":38,"column":3}},"5":{"start":{"line":9,"column":2},"end":{"line":37,"column":3}},"6":{"start":{"line":10,"column":24},"end":{"line":19,"column":5}},"7":{"start":{"line":22,"column":21},"end":{"line":22,"column":91}},"8":{"start":{"line":22,"column":53},"end":{"line":22,"column":87}},"9":{"start":{"line":23,"column":22},"end":{"line":23,"column":77}},"10":{"start":{"line":23,"column":54},"end":{"line":23,"column":73}},"11":{"start":{"line":25,"column":4},"end":{"line":32,"column":7}},"12":{"start":{"line":35,"column":4},"end":{"line":35,"column":44}},"13":{"start":{"line":36,"column":4},"end":{"line":36,"column":60}},"14":{"start":{"line":41,"column":0},"end":{"line":109,"column":3}},"15":{"start":{"line":42,"column":2},"end":{"line":108,"column":3}},"16":{"start":{"line":43,"column":43},"end":{"line":43,"column":51}},"17":{"start":{"line":46,"column":24},"end":{"line":52,"column":5}},"18":{"start":{"line":54,"column":4},"end":{"line":56,"column":5}},"19":{"start":{"line":55,"column":6},"end":{"line":55,"column":83}},"20":{"start":{"line":58,"column":21},"end":{"line":58,"column":33}},"21":{"start":{"line":60,"column":4},"end":{"line":62,"column":5}},"22":{"start":{"line":61,"column":6},"end":{"line":61,"column":79}},"23":{"start":{"line":65,"column":28},"end":{"line":68,"column":5}},"24":{"start":{"line":71,"column":4},"end":{"line":98,"column":5}},"25":{"start":{"line":73,"column":26},"end":{"line":73,"column":62}},"26":{"start":{"line":74,"column":28},"end":{"line":74,"column":56}},"27":{"start":{"line":76,"column":6},"end":{"line":79,"column":8}},"28":{"start":{"line":81,"column":6},"end":{"line":81,"column":92}},"29":{"start":{"line":84,"column":25},"end":{"line":84,"column":50}},"30":{"start":{"line":86,"column":23},"end":{"line":91,"column":7}},"31":{"start":{"line":93,"column":6},"end":{"line":97,"column":8}},"32":{"start":{"line":100,"column":4},"end":{"line":103,"column":7}},"33":{"start":{"line":106,"column":4},"end":{"line":106,"column":47}},"34":{"start":{"line":107,"column":4},"end":{"line":107,"column":66}},"35":{"start":{"line":112,"column":0},"end":{"line":155,"column":3}},"36":{"start":{"line":113,"column":2},"end":{"line":154,"column":3}},"37":{"start":{"line":114,"column":19},"end":{"line":114,"column":29}},"38":{"start":{"line":115,"column":25},"end":{"line":115,"column":33}},"39":{"start":{"line":117,"column":4},"end":{"line":119,"column":5}},"40":{"start":{"line":118,"column":6},"end":{"line":118,"column":76}},"41":{"start":{"line":122,"column":24},"end":{"line":128,"column":5}},"42":{"start":{"line":130,"column":4},"end":{"line":132,"column":5}},"43":{"start":{"line":131,"column":6},"end":{"line":131,"column":68}},"44":{"start":{"line":134,"column":21},"end":{"line":134,"column":33}},"45":{"start":{"line":135,"column":26},"end":{"line":135,"column":59}},"46":{"start":{"line":137,"column":4},"end":{"line":140,"column":6}},"47":{"start":{"line":142,"column":4},"end":{"line":149,"column":7}},"48":{"start":{"line":152,"column":4},"end":{"line":152,"column":52}},"49":{"start":{"line":153,"column":4},"end":{"line":153,"column":66}},"50":{"start":{"line":158,"column":0},"end":{"line":177,"column":3}},"51":{"start":{"line":159,"column":2},"end":{"line":176,"column":3}},"52":{"start":{"line":160,"column":19},"end":{"line":160,"column":29}},"53":{"start":{"line":162,"column":21},"end":{"line":165,"column":5}},"54":{"start":{"line":167,"column":4},"end":{"line":169,"column":5}},"55":{"start":{"line":168,"column":6},"end":{"line":168,"column":68}},"56":{"start":{"line":171,"column":4},"end":{"line":171,"column":65}},"57":{"start":{"line":174,"column":4},"end":{"line":174,"column":52}},"58":{"start":{"line":175,"column":4},"end":{"line":175,"column":71}},"59":{"start":{"line":180,"column":0},"end":{"line":196,"column":3}},"60":{"start":{"line":181,"column":2},"end":{"line":195,"column":3}},"61":{"start":{"line":182,"column":21},"end":{"line":185,"column":5}},"62":{"start":{"line":187,"column":4},"end":{"line":190,"column":7}},"63":{"start":{"line":193,"column":4},"end":{"line":193,"column":46}},"64":{"start":{"line":194,"column":4},"end":{"line":194,"column":60}},"65":{"start":{"line":199,"column":0},"end":{"line":263,"column":3}},"66":{"start":{"line":200,"column":2},"end":{"line":262,"column":3}},"67":{"start":{"line":201,"column":24},"end":{"line":209,"column":5}},"68":{"start":{"line":211,"column":4},"end":{"line":216,"column":5}},"69":{"start":{"line":212,"column":6},"end":{"line":215,"column":9}},"70":{"start":{"line":219,"column":29},"end":{"line":219,"column":73}},"71":{"start":{"line":219,"column":54},"end":{"line":219,"column":72}},"72":{"start":{"line":220,"column":4},"end":{"line":225,"column":5}},"73":{"start":{"line":221,"column":6},"end":{"line":224,"column":9}},"74":{"start":{"line":223,"column":55},"end":{"line":223,"column":62}},"75":{"start":{"line":227,"column":4},"end":{"line":229,"column":5}},"76":{"start":{"line":228,"column":6},"end":{"line":228,"column":79}},"77":{"start":{"line":231,"column":21},"end":{"line":231,"column":91}},"78":{"start":{"line":231,"column":53},"end":{"line":231,"column":87}},"79":{"start":{"line":232,"column":24},"end":{"line":232,"column":61}},"80":{"start":{"line":233,"column":21},"end":{"line":233,"column":55}},"81":{"start":{"line":234,"column":18},"end":{"line":234,"column":40}},"82":{"start":{"line":236,"column":4},"end":{"line":242,"column":5}},"83":{"start":{"line":237,"column":6},"end":{"line":241,"column":9}},"84":{"start":{"line":244,"column":4},"end":{"line":257,"column":7}},"85":{"start":{"line":250,"column":51},"end":{"line":250,"column":70}},"86":{"start":{"line":260,"column":4},"end":{"line":260,"column":52}},"87":{"start":{"line":261,"column":4},"end":{"line":261,"column":66}},"88":{"start":{"line":265,"column":0},"end":{"line":265,"column":24}}},"fnMap":{"0":{"name":"(anonymous_0)","decl":{"start":{"line":8,"column":35},"end":{"line":8,"column":36}},"loc":{"start":{"line":8,"column":55},"end":{"line":38,"column":1}},"line":8},"1":{"name":"(anonymous_1)","decl":{"start":{"line":22,"column":38},"end":{"line":22,"column":39}},"loc":{"start":{"line":22,"column":53},"end":{"line":22,"column":87}},"line":22},"2":{"name":"(anonymous_2)","decl":{"start":{"line":23,"column":39},"end":{"line":23,"column":40}},"loc":{"start":{"line":23,"column":54},"end":{"line":23,"column":73}},"line":23},"3":{"name":"(anonymous_3)","decl":{"start":{"line":41,"column":39},"end":{"line":41,"column":40}},"loc":{"start":{"line":41,"column":59},"end":{"line":109,"column":1}},"line":41},"4":{"name":"(anonymous_4)","decl":{"start":{"line":112,"column":38},"end":{"line":112,"column":39}},"loc":{"start":{"line":112,"column":58},"end":{"line":155,"column":1}},"line":112},"5":{"name":"(anonymous_5)","decl":{"start":{"line":158,"column":41},"end":{"line":158,"column":42}},"loc":{"start":{"line":158,"column":61},"end":{"line":177,"column":1}},"line":158},"6":{"name":"(anonymous_6)","decl":{"start":{"line":180,"column":47},"end":{"line":180,"column":48}},"loc":{"start":{"line":180,"column":67},"end":{"line":196,"column":1}},"line":180},"7":{"name":"(anonymous_7)","decl":{"start":{"line":199,"column":42},"end":{"line":199,"column":43}},"loc":{"start":{"line":199,"column":62},"end":{"line":263,"column":1}},"line":199},"8":{"name":"(anonymous_8)","decl":{"start":{"line":219,"column":46},"end":{"line":219,"column":47}},"loc":{"start":{"line":219,"column":54},"end":{"line":219,"column":72}},"line":219},"9":{"name":"(anonymous_9)","decl":{"start":{"line":223,"column":47},"end":{"line":223,"column":48}},"loc":{"start":{"line":223,"column":55},"end":{"line":223,"column":62}},"line":223},"10":{"name":"(anonymous_10)","decl":{"start":{"line":231,"column":38},"end":{"line":231,"column":39}},"loc":{"start":{"line":231,"column":53},"end":{"line":231,"column":87}},"line":231},"11":{"name":"(anonymous_11)","decl":{"start":{"line":250,"column":36},"end":{"line":250,"column":37}},"loc":{"start":{"line":250,"column":51},"end":{"line":250,"column":70}},"line":250}},"branchMap":{"0":{"loc":{"start":{"line":43,"column":26},"end":{"line":43,"column":38}},"type":"default-arg","locations":[{"start":{"line":43,"column":37},"end":{"line":43,"column":38}}],"line":43},"1":{"loc":{"start":{"line":54,"column":4},"end":{"line":56,"column":5}},"type":"if","locations":[{"start":{"line":54,"column":4},"end":{"line":56,"column":5}},{"start":{},"end":{}}],"line":54},"2":{"loc":{"start":{"line":60,"column":4},"end":{"line":62,"column":5}},"type":"if","locations":[{"start":{"line":60,"column":4},"end":{"line":62,"column":5}},{"start":{},"end":{}}],"line":60},"3":{"loc":{"start":{"line":71,"column":4},"end":{"line":98,"column":5}},"type":"if","locations":[{"start":{"line":71,"column":4},"end":{"line":98,"column":5}},{"start":{"line":82,"column":11},"end":{"line":98,"column":5}}],"line":71},"4":{"loc":{"start":{"line":117,"column":4},"end":{"line":119,"column":5}},"type":"if","locations":[{"start":{"line":117,"column":4},"end":{"line":119,"column":5}},{"start":{},"end":{}}],"line":117},"5":{"loc":{"start":{"line":130,"column":4},"end":{"line":132,"column":5}},"type":"if","locations":[{"start":{"line":130,"column":4},"end":{"line":132,"column":5}},{"start":{},"end":{}}],"line":130},"6":{"loc":{"start":{"line":167,"column":4},"end":{"line":169,"column":5}},"type":"if","locations":[{"start":{"line":167,"column":4},"end":{"line":169,"column":5}},{"start":{},"end":{}}],"line":167},"7":{"loc":{"start":{"line":211,"column":4},"end":{"line":216,"column":5}},"type":"if","locations":[{"start":{"line":211,"column":4},"end":{"line":216,"column":5}},{"start":{},"end":{}}],"line":211},"8":{"loc":{"start":{"line":220,"column":4},"end":{"line":225,"column":5}},"type":"if","locations":[{"start":{"line":220,"column":4},"end":{"line":225,"column":5}},{"start":{},"end":{}}],"line":220},"9":{"loc":{"start":{"line":227,"column":4},"end":{"line":229,"column":5}},"type":"if","locations":[{"start":{"line":227,"column":4},"end":{"line":229,"column":5}},{"start":{},"end":{}}],"line":227},"10":{"loc":{"start":{"line":236,"column":4},"end":{"line":242,"column":5}},"type":"if","locations":[{"start":{"line":236,"column":4},"end":{"line":242,"column":5}},{"start":{},"end":{}}],"line":236}},"s":{"0":0,"1":0,"2":0,"3":0,"4":0,"5":0,"6":0,"7":0,"8":0,"9":0,"10":0,"11":0,"12":0,"13":0,"14":0,"15":0,"16":0,"17":0,"18":0,"19":0,"20":0,"21":0,"22":0,"23":0,"24":0,"25":0,"26":0,"27":0,"28":0,"29":0,"30":0,"31":0,"32":0,"33":0,"34":0,"35":0,"36":0,"37":0,"38":0,"39":0,"40":0,"41":0,"42":0,"43":0,"44":0,"45":0,"46":0,"47":0,"48":0,"49":0,"50":0,"51":0,"52":0,"53":0,"54":0,"55":0,"56":0,"57":0,"58":0,"59":0,"60":0,"61":0,"62":0,"63":0,"64":0,"65":0,"66":0,"67":0,"68":0,"69":0,"70":0,"71":0,"72":0,"73":0,"74":0,"75":0,"76":0,"77":0,"78":0,"79":0,"80":0,"81":0,"82":0,"83":0,"84":0,"85":0,"86":0,"87":0,"88":0},"f":{"0":0,"1":0,"2":0,"3":0,"4":0,"5":0,"6":0,"7":0,"8":0,"9":0,"10":0,"11":0},"b":{"0":[0],"1":[0,0],"2":[0,0],"3":[0,0],"4":[0,0],"5":[0,0],"6":[0,0],"7":[0,0],"8":[0,0],"9":[0,0],"10":[0,0]}}
,"C:\\Users\\Yugam\\Downloads\\Zestio\\backend\\routes\\menu.js": {"path":"C:\\Users\\Yugam\\Downloads\\Zestio\\backend\\routes\\menu.js","statementMap":{"0":{"start":{"line":1,"column":16},"end":{"line":1,"column":34}},"1":{"start":{"line":2,"column":17},"end":{"line":2,"column":46}},"2":{"start":{"line":3,"column":46},"end":{"line":3,"column":75}},"3":{"start":{"line":5,"column":15},"end":{"line":5,"column":31}},"4":{"start":{"line":8,"column":0},"end":{"line":52,"column":3}},"5":{"start":{"line":9,"column":2},"end":{"line":51,"column":3}},"6":{"start":{"line":10,"column":29},"end":{"line":10,"column":39}},"7":{"start":{"line":11,"column":48},"end":{"line":11,"column":57}},"8":{"start":{"line":13,"column":16},"end":{"line":18,"column":5}},"9":{"start":{"line":19,"column":24},"end":{"line":19,"column":38}},"10":{"start":{"line":21,"column":4},"end":{"line":23,"column":5}},"11":{"start":{"line":22,"column":6},"end":{"line":22,"column":45}},"12":{"start":{"line":25,"column":4},"end":{"line":28,"column":5}},"13":{"start":{"line":26,"column":6},"end":{"line":26,"column":38}},"14":{"start":{"line":27,"column":6},"end":{"line":27,"column":33}},"15":{"start":{"line":30,"column":4},"end":{"line":30,"column":46}},"16":{"start":{"line":32,"column":24},"end":{"line":32,"column":60}},"17":{"start":{"line":35,"column":25},"end":{"line":41,"column":10}},"18":{"start":{"line":36,"column":6},"end":{"line":38,"column":7}},"19":{"start":{"line":37,"column":8},"end":{"line":37,"column":32}},"20":{"start":{"line":39,"column":6},"end":{"line":39,"column":36}},"21":{"start":{"line":40,"column":6},"end":{"line":40,"column":17}},"22":{"start":{"line":43,"column":4},"end":{"line":46,"column":7}},"23":{"start":{"line":49,"column":4},"end":{"line":49,"column":50}},"24":{"start":{"line":50,"column":4},"end":{"line":50,"column":66}},"25":{"start":{"line":55,"column":0},"end":{"line":77,"column":3}},"26":{"start":{"line":56,"column":2},"end":{"line":76,"column":3}},"27":{"start":{"line":57,"column":19},"end":{"line":57,"column":29}},"28":{"start":{"line":59,"column":24},"end":{"line":65,"column":5}},"29":{"start":{"line":67,"column":4},"end":{"line":69,"column":5}},"30":{"start":{"line":68,"column":6},"end":{"line":68,"column":68}},"31":{"start":{"line":71,"column":4},"end":{"line":71,"column":41}},"32":{"start":{"line":74,"column":4},"end":{"line":74,"column":49}},"33":{"start":{"line":75,"column":4},"end":{"line":75,"column":65}},"34":{"start":{"line":80,"column":0},"end":{"line":125,"column":3}},"35":{"start":{"line":81,"column":2},"end":{"line":124,"column":3}},"36":{"start":{"line":85,"column":8},"end":{"line":85,"column":16}},"37":{"start":{"line":88,"column":4},"end":{"line":97,"column":5}},"38":{"start":{"line":89,"column":28},"end":{"line":92,"column":7}},"39":{"start":{"line":94,"column":6},"end":{"line":96,"column":7}},"40":{"start":{"line":95,"column":8},"end":{"line":95,"column":88}},"41":{"start":{"line":99,"column":21},"end":{"line":108,"column":5}},"42":{"start":{"line":111,"column":26},"end":{"line":114,"column":5}},"43":{"start":{"line":116,"column":4},"end":{"line":119,"column":7}},"44":{"start":{"line":122,"column":4},"end":{"line":122,"column":52}},"45":{"start":{"line":123,"column":4},"end":{"line":123,"column":66}},"46":{"start":{"line":128,"column":0},"end":{"line":186,"column":3}},"47":{"start":{"line":129,"column":2},"end":{"line":185,"column":3}},"48":{"start":{"line":130,"column":19},"end":{"line":130,"column":29}},"49":{"start":{"line":134,"column":8},"end":{"line":134,"column":16}},"50":{"start":{"line":137,"column":24},"end":{"line":143,"column":5}},"51":{"start":{"line":145,"column":4},"end":{"line":147,"column":5}},"52":{"start":{"line":146,"column":6},"end":{"line":146,"column":68}},"53":{"start":{"line":149,"column":21},"end":{"line":149,"column":33}},"54":{"start":{"line":152,"column":4},"end":{"line":154,"column":5}},"55":{"start":{"line":153,"column":6},"end":{"line":153,"column":62}},"56":{"start":{"line":156,"column":21},"end":{"line":165,"column":5}},"57":{"start":{"line":167,"column":4},"end":{"line":169,"column":5}},"58":{"start":{"line":168,"column":6},"end":{"line":168,"column":68}},"59":{"start":{"line":172,"column":30},"end":{"line":175,"column":5}},"60":{"start":{"line":177,"column":4},"end":{"line":180,"column":7}},"61":{"start":{"line":183,"column":4},"end":{"line":183,"column":52}},"62":{"start":{"line":184,"column":4},"end":{"line":184,"column":66}},"63":{"start":{"line":189,"column":0},"end":{"line":243,"column":3}},"64":{"start":{"line":190,"column":2},"end":{"line":242,"column":3}},"65":{"start":{"line":191,"column":19},"end":{"line":191,"column":29}},"66":{"start":{"line":194,"column":24},"end":{"line":200,"column":5}},"67":{"start":{"line":202,"column":4},"end":{"line":204,"column":5}},"68":{"start":{"line":203,"column":6},"end":{"line":203,"column":68}},"69":{"start":{"line":206,"column":21},"end":{"line":206,"column":33}},"70":{"start":{"line":209,"column":4},"end":{"line":211,"column":5}},"71":{"start":{"line":210,"column":6},"end":{"line":210,"column":62}},"72":{"start":{"line":214,"column":25},"end":{"line":220,"column":5}},"73":{"start":{"line":222,"column":4},"end":{"line":226,"column":5}},"74":{"start":{"line":223,"column":6},"end":{"line":225,"column":9}},"75":{"start":{"line":228,"column":21},"end":{"line":231,"column":5}},"76":{"start":{"line":233,"column":4},"end":{"line":235,"column":5}},"77":{"start":{"line":234,"column":6},"end":{"line":234,"column":68}},"78":{"start":{"line":237,"column":4},"end":{"line":237,"column":60}},"79":{"start":{"line":240,"column":4},"end":{"line":240,"column":52}},"80":{"start":{"line":241,"column":4},"end":{"line":241,"column":66}},"81":{"start":{"line":246,"column":0},"end":{"line":294,"column":3}},"82":{"start":{"line":247,"column":2},"end":{"line":293,"column":3}},"83":{"start":{"line":248,"column":19},"end":{"line":248,"column":29}},"84":{"start":{"line":251,"column":24},"end":{"line":257,"column":5}},"85":{"start":{"line":259,"column":4},"end":{"line":261,"column":5}},"86":{"start":{"line":260,"column":6},"end":{"line":260,"column":68}},"87":{"start":{"line":263,"column":21},"end":{"line":263,"column":33}},"88":{"start":{"line":266,"column":4},"end":{"line":268,"column":5}},"89":{"start":{"line":267,"column":6},"end":{"line":267,"column":62}},"90":{"start":{"line":270,"column":21},"end":{"line":273,"column":5}},"91":{"start":{"line":275,"column":4},"end":{"line":277,"column":5}},"92":{"start":{"line":276,"column":6},"end":{"line":276,"column":68}},"93":{"start":{"line":280,"column":30},"end":{"line":283,"column":5}},"94":{"start":{"line":285,"column":4},"end":{"line":288,"column":7}},"95":{"start":{"line":291,"column":4},"end":{"line":291,"column":55}},"96":{"start":{"line":292,"column":4},"end":{"line":292,"column":79}},"97":{"start":{"line":296,"column":0},"end":{"line":296,"column":24}}},"fnMap":{"0":{"name":"(anonymous_0)","decl":{"start":{"line":8,"column":40},"end":{"line":8,"column":41}},"loc":{"start":{"line":8,"column":60},"end":{"line":52,"column":1}},"line":8},"1":{"name":"(anonymous_1)","decl":{"start":{"line":35,"column":42},"end":{"line":35,"column":43}},"loc":{"start":{"line":35,"column":57},"end":{"line":41,"column":5}},"line":35},"2":{"name":"(anonymous_2)","decl":{"start":{"line":55,"column":19},"end":{"line":55,"column":20}},"loc":{"start":{"line":55,"column":39},"end":{"line":77,"column":1}},"line":55},"3":{"name":"(anonymous_3)","decl":{"start":{"line":80,"column":75},"end":{"line":80,"column":76}},"loc":{"start":{"line":80,"column":95},"end":{"line":125,"column":1}},"line":80},"4":{"name":"(anonymous_4)","decl":{"start":{"line":128,"column":77},"end":{"line":128,"column":78}},"loc":{"start":{"line":128,"column":97},"end":{"line":186,"column":1}},"line":128},"5":{"name":"(anonymous_5)","decl":{"start":{"line":189,"column":80},"end":{"line":189,"column":81}},"loc":{"start":{"line":189,"column":100},"end":{"line":243,"column":1}},"line":189},"6":{"name":"(anonymous_6)","decl":{"start":{"line":246,"column":99},"end":{"line":246,"column":100}},"loc":{"start":{"line":246,"column":119},"end":{"line":294,"column":1}},"line":246}},"branchMap":{"0":{"loc":{"start":{"line":11,"column":22},"end":{"line":11,"column":43}},"type":"default-arg","locations":[{"start":{"line":11,"column":39},"end":{"line":11,"column":43}}],"line":11},"1":{"loc":{"start":{"line":21,"column":4},"end":{"line":23,"column":5}},"type":"if","locations":[{"start":{"line":21,"column":4},"end":{"line":23,"column":5}},{"start":{},"end":{}}],"line":21},"2":{"loc":{"start":{"line":25,"column":4},"end":{"line":28,"column":5}},"type":"if","locations":[{"start":{"line":25,"column":4},"end":{"line":28,"column":5}},{"start":{},"end":{}}],"line":25},"3":{"loc":{"start":{"line":36,"column":6},"end":{"line":38,"column":7}},"type":"if","locations":[{"start":{"line":36,"column":6},"end":{"line":38,"column":7}},{"start":{},"end":{}}],"line":36},"4":{"loc":{"start":{"line":67,"column":4},"end":{"line":69,"column":5}},"type":"if","locations":[{"start":{"line":67,"column":4},"end":{"line":69,"column":5}},{"start":{},"end":{}}],"line":67},"5":{"loc":{"start":{"line":84,"column":17},"end":{"line":84,"column":36}},"type":"default-arg","locations":[{"start":{"line":84,"column":32},"end":{"line":84,"column":36}}],"line":84},"6":{"loc":{"start":{"line":84,"column":38},"end":{"line":84,"column":57}},"type":"default-arg","locations":[{"start":{"line":84,"column":52},"end":{"line":84,"column":57}}],"line":84},"7":{"loc":{"start":{"line":88,"column":4},"end":{"line":97,"column":5}},"type":"if","locations":[{"start":{"line":88,"column":4},"end":{"line":97,"column":5}},{"start":{},"end":{}}],"line":88},"8":{"loc":{"start":{"line":94,"column":6},"end":{"line":96,"column":7}},"type":"if","locations":[{"start":{"line":94,"column":6},"end":{"line":96,"column":7}},{"start":{},"end":{}}],"line":94},"9":{"loc":{"start":{"line":145,"column":4},"end":{"line":147,"column":5}},"type":"if","locations":[{"start":{"line":145,"column":4},"end":{"line":147,"column":5}},{"start":{},"end":{}}],"line":145},"10":{"loc":{"start":{"line":152,"column":4},"end":{"line":154,"column":5}},"type":"if","locations":[{"start":{"line":152,"column":4},"end":{"line":154,"column":5}},{"start":{},"end":{}}],"line":152},"11":{"loc":{"start":{"line":152,"column":8},"end":{"line":152,"column":75}},"type":"binary-expr","locations":[{"start":{"line":152,"column":8},"end":{"line":152,"column":38}},{"start":{"line":152,"column":42},"end":{"line":152,"column":75}}],"line":152},"12":{"loc":{"start":{"line":167,"column":4},"end":{"line":169,"column":5}},"type":"if","locations":[{"start":{"line":167,"column":4},"end":{"line":169,"column":5}},{"start":{},"end":{}}],"line":167},"13":{"loc":{"start":{"line":202,"column":4},"end":{"line":204,"column":5}},"type":"if","locations":[{"start":{"line":202,"column":4},"end":{"line":204,"column":5}},{"start":{},"end":{}}],"line":202},"14":{"loc":{"start":{"line":209,"column":4},"end":{"line":211,"column":5}},"type":"if","locations":[{"start":{"line":209,"column":4},"end":{"line":211,"column":5}},{"start":{},"end":{}}],"line":209},"15":{"loc":{"start":{"line":209,"column":8},"end":{"line":209,"column":75}},"type":"binary-expr","locations":[{"start":{"line":209,"column":8},"end":{"line":209,"column":38}},{"start":{"line":209,"column":42},"end":{"line":209,"column":75}}],"line":209},"16":{"loc":{"start":{"line":222,"column":4},"end":{"line":226,"column":5}},"type":"if","locations":[{"start":{"line":222,"column":4},"end":{"line":226,"column":5}},{"start":{},"end":{}}],"line":222},"17":{"loc":{"start":{"line":233,"column":4},"end":{"line":235,"column":5}},"type":"if","locations":[{"start":{"line":233,"column":4},"end":{"line":235,"column":5}},{"start":{},"end":{}}],"line":233},"18":{"loc":{"start":{"line":259,"column":4},"end":{"line":261,"column":5}},"type":"if","locations":[{"start":{"line":259,"column":4},"end":{"line":261,"column":5}},{"start":{},"end":{}}],"line":259},"19":{"loc":{"start":{"line":266,"column":4},"end":{"line":268,"column":5}},"type":"if","locations":[{"start":{"line":266,"column":4},"end":{"line":268,"column":5}},{"start":{},"end":{}}],"line":266},"20":{"loc":{"start":{"line":266,"column":8},"end":{"line":266,"column":75}},"type":"binary-expr","locations":[{"start":{"line":266,"column":8},"end":{"line":266,"column":38}},{"start":{"line":266,"column":42},"end":{"line":266,"column":75}}],"line":266},"21":{"loc":{"start":{"line":275,"column":4},"end":{"line":277,"column":5}},"type":"if","locations":[{"start":{"line":275,"column":4},"end":{"line":277,"column":5}},{"start":{},"end":{}}],"line":275}},"s":{"0":0,"1":0,"2":0,"3":0,"4":0,"5":0,"6":0,"7":0,"8":0,"9":0,"10":0,"11":0,"12":0,"13":0,"14":0,"15":0,"16":0,"17":0,"18":0,"19":0,"20":0,"21":0,"22":0,"23":0,"24":0,"25":0,"26":0,"27":0,"28":0,"29":0,"30":0,"31":0,"32":0,"33":0,"34":0,"35":0,"36":0,"37":0,"38":0,"39":0,"40":0,"41":0,"42":0,"43":0,"44":0,"45":0,"46":0,"47":0,"48":0,"49":0,"50":0,"51":0,"52":0,"53":0,"54":0,"55":0,"56":0,"57":0,"58":0,"59":0,"60":0,"61":0,"62":0,"63":0,"64":0,"65":0,"66":0,"67":0,"68":0,"69":0,"70":0,"71":0,"72":0,"73":0,"74":0,"75":0,"76":0,"77":0,"78":0,"79":0,"80":0,"81":0,"82":0,"83":0,"84":0,"85":0,"86":0,"87":0,"88":0,"89":0,"90":0,"91":0,"92":0,"93":0,"94":0,"95":0,"96":0,"97":0},"f":{"0":0,"1":0,"2":0,"3":0,"4":0,"5":0,"6":0},"b":{"0":[0],"1":[0,0],"2":[0,0],"3":[0,0],"4":[0,0],"5":[0],"6":[0],"7":[0,0],"8":[0,0],"9":[0,0],"10":[0,0],"11":[0,0],"12":[0,0],"13":[0,0],"14":[0,0],"15":[0,0],"16":[0,0],"17":[0,0],"18":[0,0],"19":[0,0],"20":[0,0],"21":[0,0]}}
,"C:\\Users\\Yugam\\Downloads\\Zestio\\backend\\routes\\orders.js": {"path":"C:\\Users\\Yugam\\Downloads\\Zestio\\backend\\routes\\orders.js","statementMap":{"0":{"start":{"line":1,"column":16},"end":{"line":1,"column":34}},"1":{"start":{"line":2,"column":17},"end":{"line":2,"column":46}},"2":{"start":{"line":3,"column":46},"end":{"line":3,"column":75}},"3":{"start":{"line":5,"column":15},"end":{"line":5,"column":31}},"4":{"start":{"line":8,"column":0},"end":{"line":49,"column":3}},"5":{"start":{"line":9,"column":2},"end":{"line":48,"column":3}},"6":{"start":{"line":10,"column":45},"end":{"line":10,"column":54}},"7":{"start":{"line":11,"column":19},"end":{"line":11,"column":37}},"8":{"start":{"line":13,"column":16},"end":{"line":21,"column":5}},"9":{"start":{"line":22,"column":24},"end":{"line":22,"column":37}},"10":{"start":{"line":24,"column":4},"end":{"line":27,"column":5}},"11":{"start":{"line":25,"column":6},"end":{"line":25,"column":35}},"12":{"start":{"line":26,"column":6},"end":{"line":26,"column":31}},"13":{"start":{"line":29,"column":4},"end":{"line":29,"column":60}},"14":{"start":{"line":30,"column":4},"end":{"line":30,"column":56}},"15":{"start":{"line":32,"column":21},"end":{"line":32,"column":57}},"16":{"start":{"line":35,"column":4},"end":{"line":41,"column":5}},"17":{"start":{"line":36,"column":27},"end":{"line":39,"column":7}},"18":{"start":{"line":40,"column":6},"end":{"line":40,"column":31}},"19":{"start":{"line":43,"column":4},"end":{"line":43,"column":25}},"20":{"start":{"line":46,"column":4},"end":{"line":46,"column":51}},"21":{"start":{"line":47,"column":4},"end":{"line":47,"column":62}},"22":{"start":{"line":52,"column":0},"end":{"line":87,"column":3}},"23":{"start":{"line":53,"column":2},"end":{"line":86,"column":3}},"24":{"start":{"line":54,"column":19},"end":{"line":54,"column":29}},"25":{"start":{"line":56,"column":21},"end":{"line":65,"column":5}},"26":{"start":{"line":67,"column":4},"end":{"line":69,"column":5}},"27":{"start":{"line":68,"column":6},"end":{"line":68,"column":64}},"28":{"start":{"line":71,"column":18},"end":{"line":71,"column":27}},"29":{"start":{"line":74,"column":25},"end":{"line":77,"column":5}},"30":{"start":{"line":79,"column":4},"end":{"line":79,"column":29}},"31":{"start":{"line":81,"column":4},"end":{"line":81,"column":24}},"32":{"start":{"line":84,"column":4},"end":{"line":84,"column":45}},"33":{"start":{"line":85,"column":4},"end":{"line":85,"column":61}},"34":{"start":{"line":90,"column":0},"end":{"line":197,"column":3}},"35":{"start":{"line":91,"column":2},"end":{"line":196,"column":3}},"36":{"start":{"line":99,"column":8},"end":{"line":99,"column":16}},"37":{"start":{"line":102,"column":24},"end":{"line":108,"column":5}},"38":{"start":{"line":110,"column":4},"end":{"line":112,"column":5}},"39":{"start":{"line":111,"column":6},"end":{"line":111,"column":62}},"40":{"start":{"line":115,"column":29},"end":{"line":115,"column":73}},"41":{"start":{"line":115,"column":54},"end":{"line":115,"column":72}},"42":{"start":{"line":116,"column":4},"end":{"line":118,"column":5}},"43":{"start":{"line":117,"column":6},"end":{"line":117,"column":83}},"44":{"start":{"line":121,"column":26},"end":{"line":124,"column":5}},"45":{"start":{"line":126,"column":4},"end":{"line":128,"column":5}},"46":{"start":{"line":127,"column":6},"end":{"line":127,"column":69}},"47":{"start":{"line":130,"column":23},"end":{"line":130,"column":37}},"48":{"start":{"line":133,"column":21},"end":{"line":133,"column":91}},"49":{"start":{"line":133,"column":53},"end":{"line":133,"column":87}},"50":{"start":{"line":134,"column":24},"end":{"line":134,"column":59}},"51":{"start":{"line":135,"column":18},"end":{"line":135,"column":40}},"52":{"start":{"line":138,"column":4},"end":{"line":143,"column":5}},"53":{"start":{"line":139,"column":6},"end":{"line":142,"column":9}},"54":{"start":{"line":146,"column":26},"end":{"line":157,"column":5}},"55":{"start":{"line":159,"column":20},"end":{"line":159,"column":40}},"56":{"start":{"line":162,"column":4},"end":{"line":167,"column":5}},"57":{"start":{"line":163,"column":6},"end":{"line":166,"column":8}},"58":{"start":{"line":170,"column":4},"end":{"line":170,"column":80}},"59":{"start":{"line":173,"column":23},"end":{"line":179,"column":5}},"60":{"start":{"line":181,"column":25},"end":{"line":184,"column":5}},"61":{"start":{"line":186,"column":4},"end":{"line":186,"column":35}},"62":{"start":{"line":188,"column":4},"end":{"line":191,"column":7}},"63":{"start":{"line":194,"column":4},"end":{"line":194,"column":48}},"64":{"start":{"line":195,"column":4},"end":{"line":195,"column":62}},"65":{"start":{"line":200,"column":0},"end":{"line":268,"column":3}},"66":{"start":{"line":201,"column":2},"end":{"line":267,"column":3}},"67":{"start":{"line":202,"column":19},"end":{"line":202,"column":29}},"68":{"start":{"line":203,"column":23},"end":{"line":203,"column":31}},"69":{"start":{"line":205,"column":26},"end":{"line":205,"column":111}},"70":{"start":{"line":206,"column":4},"end":{"line":208,"column":5}},"71":{"start":{"line":207,"column":6},"end":{"line":207,"column":63}},"72":{"start":{"line":211,"column":21},"end":{"line":217,"column":5}},"73":{"start":{"line":219,"column":4},"end":{"line":221,"column":5}},"74":{"start":{"line":220,"column":6},"end":{"line":220,"column":64}},"75":{"start":{"line":223,"column":18},"end":{"line":223,"column":27}},"76":{"start":{"line":226,"column":24},"end":{"line":226,"column":29}},"77":{"start":{"line":227,"column":4},"end":{"line":237,"column":5}},"78":{"start":{"line":228,"column":6},"end":{"line":228,"column":27}},"79":{"start":{"line":229,"column":11},"end":{"line":237,"column":5}},"80":{"start":{"line":231,"column":30},"end":{"line":231,"column":78}},"81":{"start":{"line":232,"column":6},"end":{"line":232,"column":55}},"82":{"start":{"line":233,"column":11},"end":{"line":237,"column":5}},"83":{"start":{"line":235,"column":30},"end":{"line":235,"column":56}},"84":{"start":{"line":236,"column":6},"end":{"line":236,"column":55}},"85":{"start":{"line":239,"column":4},"end":{"line":241,"column":5}},"86":{"start":{"line":240,"column":6},"end":{"line":240,"column":94}},"87":{"start":{"line":244,"column":21},"end":{"line":247,"column":5}},"88":{"start":{"line":249,"column":4},"end":{"line":251,"column":5}},"89":{"start":{"line":250,"column":6},"end":{"line":250,"column":64}},"90":{"start":{"line":254,"column":27},"end":{"line":257,"column":5}},"91":{"start":{"line":259,"column":4},"end":{"line":262,"column":7}},"92":{"start":{"line":265,"column":4},"end":{"line":265,"column":55}},"93":{"start":{"line":266,"column":4},"end":{"line":266,"column":69}},"94":{"start":{"line":271,"column":0},"end":{"line":310,"column":3}},"95":{"start":{"line":272,"column":2},"end":{"line":309,"column":3}},"96":{"start":{"line":273,"column":45},"end":{"line":273,"column":54}},"97":{"start":{"line":274,"column":19},"end":{"line":274,"column":37}},"98":{"start":{"line":276,"column":16},"end":{"line":282,"column":5}},"99":{"start":{"line":283,"column":24},"end":{"line":283,"column":37}},"100":{"start":{"line":285,"column":4},"end":{"line":288,"column":5}},"101":{"start":{"line":286,"column":6},"end":{"line":286,"column":35}},"102":{"start":{"line":287,"column":6},"end":{"line":287,"column":31}},"103":{"start":{"line":290,"column":4},"end":{"line":290,"column":60}},"104":{"start":{"line":291,"column":4},"end":{"line":291,"column":56}},"105":{"start":{"line":293,"column":21},"end":{"line":293,"column":57}},"106":{"start":{"line":296,"column":4},"end":{"line":302,"column":5}},"107":{"start":{"line":297,"column":27},"end":{"line":300,"column":7}},"108":{"start":{"line":301,"column":6},"end":{"line":301,"column":31}},"109":{"start":{"line":304,"column":4},"end":{"line":304,"column":25}},"110":{"start":{"line":307,"column":4},"end":{"line":307,"column":57}},"111":{"start":{"line":308,"column":4},"end":{"line":308,"column":73}},"112":{"start":{"line":313,"column":0},"end":{"line":354,"column":3}},"113":{"start":{"line":314,"column":2},"end":{"line":353,"column":3}},"114":{"start":{"line":315,"column":45},"end":{"line":315,"column":54}},"115":{"start":{"line":316,"column":19},"end":{"line":316,"column":37}},"116":{"start":{"line":318,"column":16},"end":{"line":326,"column":5}},"117":{"start":{"line":327,"column":24},"end":{"line":327,"column":37}},"118":{"start":{"line":329,"column":4},"end":{"line":332,"column":5}},"119":{"start":{"line":330,"column":6},"end":{"line":330,"column":35}},"120":{"start":{"line":331,"column":6},"end":{"line":331,"column":31}},"121":{"start":{"line":334,"column":4},"end":{"line":334,"column":60}},"122":{"start":{"line":335,"column":4},"end":{"line":335,"column":56}},"123":{"start":{"line":337,"column":21},"end":{"line":337,"column":57}},"124":{"start":{"line":340,"column":4},"end":{"line":346,"column":5}},"125":{"start":{"line":341,"column":27},"end":{"line":344,"column":7}},"126":{"start":{"line":345,"column":6},"end":{"line":345,"column":31}},"127":{"start":{"line":348,"column":4},"end":{"line":348,"column":25}},"128":{"start":{"line":351,"column":4},"end":{"line":351,"column":53}},"129":{"start":{"line":352,"column":4},"end":{"line":352,"column":69}},"130":{"start":{"line":356,"column":0},"end":{"line":356,"column":24}}},"fnMap":{"0":{"name":"(anonymous_0)","decl":{"start":{"line":8,"column":44},"end":{"line":8,"column":45}},"loc":{"start":{"line":8,"column":64},"end":{"line":49,"column":1}},"line":8},"1":{"name":"(anonymous_1)","decl":{"start":{"line":52,"column":38},"end":{"line":52,"column":39}},"loc":{"start":{"line":52,"column":58},"end":{"line":87,"column":1}},"line":52},"2":{"name":"(anonymous_2)","decl":{"start":{"line":90,"column":36},"end":{"line":90,"column":37}},"loc":{"start":{"line":90,"column":56},"end":{"line":197,"column":1}},"line":90},"3":{"name":"(anonymous_3)","decl":{"start":{"line":115,"column":46},"end":{"line":115,"column":47}},"loc":{"start":{"line":115,"column":54},"end":{"line":115,"column":72}},"line":115},"4":{"name":"(anonymous_4)","decl":{"start":{"line":133,"column":38},"end":{"line":133,"column":39}},"loc":{"start":{"line":133,"column":53},"end":{"line":133,"column":87}},"line":133},"5":{"name":"(anonymous_5)","decl":{"start":{"line":200,"column":47},"end":{"line":200,"column":48}},"loc":{"start":{"line":200,"column":67},"end":{"line":268,"column":1}},"line":200},"6":{"name":"(anonymous_6)","decl":{"start":{"line":271,"column":94},"end":{"line":271,"column":95}},"loc":{"start":{"line":271,"column":114},"end":{"line":310,"column":1}},"line":271},"7":{"name":"(anonymous_7)","decl":{"start":{"line":313,"column":86},"end":{"line":313,"column":87}},"loc":{"start":{"line":313,"column":106},"end":{"line":354,"column":1}},"line":313}},"branchMap":{"0":{"loc":{"start":{"line":10,"column":20},"end":{"line":10,"column":28}},"type":"default-arg","locations":[{"start":{"line":10,"column":27},"end":{"line":10,"column":28}}],"line":10},"1":{"loc":{"start":{"line":10,"column":30},"end":{"line":10,"column":40}},"type":"default-arg","locations":[{"start":{"line":10,"column":38},"end":{"line":10,"column":40}}],"line":10},"2":{"loc":{"start":{"line":24,"column":4},"end":{"line":27,"column":5}},"type":"if","locations":[{"start":{"line":24,"column":4},"end":{"line":27,"column":5}},{"start":{},"end":{}}],"line":24},"3":{"loc":{"start":{"line":67,"column":4},"end":{"line":69,"column":5}},"type":"if","locations":[{"start":{"line":67,"column":4},"end":{"line":69,"column":5}},{"start":{},"end":{}}],"line":67},"4":{"loc":{"start":{"line":98,"column":6},"end":{"line":98,"column":28}},"type":"default-arg","locations":[{"start":{"line":98,"column":23},"end":{"line":98,"column":28}}],"line":98},"5":{"loc":{"start":{"line":110,"column":4},"end":{"line":112,"column":5}},"type":"if","locations":[{"start":{"line":110,"column":4},"end":{"line":112,"column":5}},{"start":{},"end":{}}],"line":110},"6":{"loc":{"start":{"line":116,"column":4},"end":{"line":118,"column":5}},"type":"if","locations":[{"start":{"line":116,"column":4},"end":{"line":118,"column":5}},{"start":{},"end":{}}],"line":116},"7":{"loc":{"start":{"line":126,"column":4},"end":{"line":128,"column":5}},"type":"if","locations":[{"start":{"line":126,"column":4},"end":{"line":128,"column":5}},{"start":{},"end":{}}],"line":126},"8":{"loc":{"start":{"line":138,"column":4},"end":{"line":143,"column":5}},"type":"if","locations":[{"start":{"line":138,"column":4},"end":{"line":143,"column":5}},{"start":{},"end":{}}],"line":138},"9":{"loc":{"start":{"line":206,"column":4},"end":{"line":208,"column":5}},"type":"if","locations":[{"start":{"line":206,"column":4},"end":{"line":208,"column":5}},{"start":{},"end":{}}],"line":206},"10":{"loc":{"start":{"line":219,"column":4},"end":{"line":221,"column":5}},"type":"if","locations":[{"start":{"line":219,"column":4},"end":{"line":221,"column":5}},{"start":{},"end":{}}],"line":219},"11":{"loc":{"start":{"line":227,"column":4},"end":{"line":237,"column":5}},"type":"if","locations":[{"start":{"line":227,"column":4},"end":{"line":237,"column":5}},{"start":{"line":229,"column":11},"end":{"line":237,"column":5}}],"line":227},"12":{"loc":{"start":{"line":229,"column":11},"end":{"line":237,"column":5}},"type":"if","locations":[{"start":{"line":229,"column":11},"end":{"line":237,"column":5}},{"start":{"line":233,"column":11},"end":{"line":237,"column":5}}],"line":229},"13":{"loc":{"start":{"line":229,"column":15},"end":{"line":229,"column":90}},"type":"binary-expr","locations":[{"start":{"line":229,"column":15},"end":{"line":229,"column":45}},{"start":{"line":229,"column":49},"end":{"line":229,"column":90}}],"line":229},"14":{"loc":{"start":{"line":233,"column":11},"end":{"line":237,"column":5}},"type":"if","locations":[{"start":{"line":233,"column":11},"end":{"line":237,"column":5}},{"start":{},"end":{}}],"line":233},"15":{"loc":{"start":{"line":233,"column":15},"end":{"line":233,"column":76}},"type":"binary-expr","locations":[{"start":{"line":233,"column":15},"end":{"line":233,"column":41}},{"start":{"line":233,"column":45},"end":{"line":233,"column":76}}],"line":233},"16":{"loc":{"start":{"line":239,"column":4},"end":{"line":241,"column":5}},"type":"if","locations":[{"start":{"line":239,"column":4},"end":{"line":241,"column":5}},{"start":{},"end":{}}],"line":239},"17":{"loc":{"start":{"line":249,"column":4},"end":{"line":251,"column":5}},"type":"if","locations":[{"start":{"line":249,"column":4},"end":{"line":251,"column":5}},{"start":{},"end":{}}],"line":249},"18":{"loc":{"start":{"line":273,"column":20},"end":{"line":273,"column":28}},"type":"default-arg","locations":[{"start":{"line":273,"column":27},"end":{"line":273,"column":28}}],"line":273},"19":{"loc":{"start":{"line":273,"column":30},"end":{"line":273,"column":40}},"type":"default-arg","locations":[{"start":{"line":273,"column":38},"end":{"line":273,"column":40}}],"line":273},"20":{"loc":{"start":{"line":285,"column":4},"end":{"line":288,"column":5}},"type":"if","locations":[{"start":{"line":285,"column":4},"end":{"line":288,"column":5}},{"start":{},"end":{}}],"line":285},"21":{"loc":{"start":{"line":315,"column":20},"end":{"line":315,"column":28}},"type":"default-arg","locations":[{"start":{"line":315,"column":27},"end":{"line":315,"column":28}}],"line":315},"22":{"loc":{"start":{"line":315,"column":30},"end":{"line":315,"column":40}},"type":"default-arg","locations":[{"start":{"line":315,"column":38},"end":{"line":315,"column":40}}],"line":315},"23":{"loc":{"start":{"line":329,"column":4},"end":{"line":332,"column":5}},"type":"if","locations":[{"start":{"line":329,"column":4},"end":{"line":332,"column":5}},{"start":{},"end":{}}],"line":329}},"s":{"0":0,"1":0,"2":0,"3":0,"4":0,"5":0,"6":0,"7":0,"8":0,"9":0,"10":0,"11":0,"12":0,"13":0,"14":0,"15":0,"16":0,"17":0,"18":0,"19":0,"20":0,"21":0,"22":0,"23":0,"24":0,"25":0,"26":0,"27":0,"28":0,"29":0,"30":0,"31":0,"32":0,"33":0,"34":0,"35":0,"36":0,"37":0,"38":0,"39":0,"40":0,"41":0,"42":0,"43":0,"44":0,"45":0,"46":0,"47":0,"48":0,"49":0,"50":0,"51":0,"52":0,"53":0,"54":0,"55":0,"56":0,"57":0,"58":0,"59":0,"60":0,"61":0,"62":0,"63":0,"64":0,"65":0,"66":0,"67":0,"68":0,"69":0,"70":0,"71":0,"72":0,"73":0,"74":0,"75":0,"76":0,"77":0,"78":0,"79":0,"80":0,"81":0,"82":0,"83":0,"84":0,"85":0,"86":0,"87":0,"88":0,"89":0,"90":0,"91":0,"92":0,"93":0,"94":0,"95":0,"96":0,"97":0,"98":0,"99":0,"100":0,"101":0,"102":0,"103":0,"104":0,"105":0,"106":0,"107":0,"108":0,"109":0,"110":0,"111":0,"112":0,"113":0,"114":0,"115":0,"116":0,"117":0,"118":0,"119":0,"120":0,"121":0,"122":0,"123":0,"124":0,"125":0,"126":0,"127":0,"128":0,"129":0,"130":0},"f":{"0":0,"1":0,"2":0,"3":0,"4":0,"5":0,"6":0,"7":0},"b":{"0":[0],"1":[0],"2":[0,0],"3":[0,0],"4":[0],"5":[0,0],"6":[0,0],"7":[0,0],"8":[0,0],"9":[0,0],"10":[0,0],"11":[0,0],"12":[0,0],"13":[0,0],"14":[0,0],"15":[0,0],"16":[0,0],"17":[0,0],"18":[0],"19":[0],"20":[0,0],"21":[0],"22":[0],"23":[0,0]}}
,"C:\\Users\\Yugam\\Downloads\\Zestio\\backend\\routes\\restaurants.js": {"path":"C:\\Users\\Yugam\\Downloads\\Zestio\\backend\\routes\\restaurants.js","statementMap":{"0":{"start":{"line":1,"column":16},"end":{"line":1,"column":34}},"1":{"start":{"line":2,"column":17},"end":{"line":2,"column":46}},"2":{"start":{"line":3,"column":46},"end":{"line":3,"column":75}},"3":{"start":{"line":5,"column":15},"end":{"line":5,"column":31}},"4":{"start":{"line":8,"column":0},"end":{"line":66,"column":3}},"5":{"start":{"line":9,"column":2},"end":{"line":65,"column":3}},"6":{"start":{"line":10,"column":59},"end":{"line":10,"column":68}},"7":{"start":{"line":11,"column":19},"end":{"line":11,"column":37}},"8":{"start":{"line":13,"column":16},"end":{"line":18,"column":5}},"9":{"start":{"line":19,"column":24},"end":{"line":19,"column":26}},"10":{"start":{"line":21,"column":4},"end":{"line":24,"column":5}},"11":{"start":{"line":22,"column":6},"end":{"line":22,"column":41}},"12":{"start":{"line":23,"column":6},"end":{"line":23,"column":37}},"13":{"start":{"line":26,"column":4},"end":{"line":29,"column":5}},"14":{"start":{"line":27,"column":6},"end":{"line":27,"column":62}},"15":{"start":{"line":28,"column":6},"end":{"line":28,"column":53}},"16":{"start":{"line":31,"column":4},"end":{"line":31,"column":56}},"17":{"start":{"line":32,"column":4},"end":{"line":32,"column":56}},"18":{"start":{"line":34,"column":26},"end":{"line":34,"column":62}},"19":{"start":{"line":37,"column":21},"end":{"line":37,"column":110}},"20":{"start":{"line":38,"column":24},"end":{"line":38,"column":26}},"21":{"start":{"line":40,"column":4},"end":{"line":43,"column":5}},"22":{"start":{"line":41,"column":6},"end":{"line":41,"column":44}},"23":{"start":{"line":42,"column":6},"end":{"line":42,"column":37}},"24":{"start":{"line":45,"column":4},"end":{"line":48,"column":5}},"25":{"start":{"line":46,"column":6},"end":{"line":46,"column":63}},"26":{"start":{"line":47,"column":6},"end":{"line":47,"column":53}},"27":{"start":{"line":50,"column":26},"end":{"line":50,"column":67}},"28":{"start":{"line":52,"column":4},"end":{"line":60,"column":7}},"29":{"start":{"line":63,"column":4},"end":{"line":63,"column":51}},"30":{"start":{"line":64,"column":4},"end":{"line":64,"column":67}},"31":{"start":{"line":69,"column":0},"end":{"line":91,"column":3}},"32":{"start":{"line":70,"column":2},"end":{"line":90,"column":3}},"33":{"start":{"line":71,"column":19},"end":{"line":71,"column":29}},"34":{"start":{"line":73,"column":26},"end":{"line":79,"column":5}},"35":{"start":{"line":81,"column":4},"end":{"line":83,"column":5}},"36":{"start":{"line":82,"column":6},"end":{"line":82,"column":69}},"37":{"start":{"line":85,"column":4},"end":{"line":85,"column":45}},"38":{"start":{"line":88,"column":4},"end":{"line":88,"column":50}},"39":{"start":{"line":89,"column":4},"end":{"line":89,"column":66}},"40":{"start":{"line":94,"column":0},"end":{"line":130,"column":3}},"41":{"start":{"line":97,"column":2},"end":{"line":129,"column":3}},"42":{"start":{"line":101,"column":8},"end":{"line":101,"column":16}},"43":{"start":{"line":103,"column":21},"end":{"line":113,"column":5}},"44":{"start":{"line":116,"column":28},"end":{"line":119,"column":5}},"45":{"start":{"line":121,"column":4},"end":{"line":124,"column":7}},"46":{"start":{"line":127,"column":4},"end":{"line":127,"column":53}},"47":{"start":{"line":128,"column":4},"end":{"line":128,"column":67}},"48":{"start":{"line":133,"column":0},"end":{"line":188,"column":3}},"49":{"start":{"line":134,"column":2},"end":{"line":187,"column":3}},"50":{"start":{"line":135,"column":19},"end":{"line":135,"column":29}},"51":{"start":{"line":138,"column":26},"end":{"line":141,"column":5}},"52":{"start":{"line":143,"column":4},"end":{"line":145,"column":5}},"53":{"start":{"line":144,"column":6},"end":{"line":144,"column":69}},"54":{"start":{"line":147,"column":23},"end":{"line":147,"column":37}},"55":{"start":{"line":149,"column":4},"end":{"line":151,"column":5}},"56":{"start":{"line":150,"column":6},"end":{"line":150,"column":62}},"57":{"start":{"line":156,"column":8},"end":{"line":156,"column":16}},"58":{"start":{"line":158,"column":21},"end":{"line":167,"column":5}},"59":{"start":{"line":169,"column":4},"end":{"line":171,"column":5}},"60":{"start":{"line":170,"column":6},"end":{"line":170,"column":69}},"61":{"start":{"line":174,"column":32},"end":{"line":177,"column":5}},"62":{"start":{"line":179,"column":4},"end":{"line":182,"column":7}},"63":{"start":{"line":185,"column":4},"end":{"line":185,"column":53}},"64":{"start":{"line":186,"column":4},"end":{"line":186,"column":67}},"65":{"start":{"line":191,"column":0},"end":{"line":217,"column":3}},"66":{"start":{"line":192,"column":2},"end":{"line":216,"column":3}},"67":{"start":{"line":193,"column":19},"end":{"line":193,"column":29}},"68":{"start":{"line":194,"column":25},"end":{"line":194,"column":34}},"69":{"start":{"line":196,"column":16},"end":{"line":199,"column":5}},"70":{"start":{"line":200,"column":24},"end":{"line":200,"column":28}},"71":{"start":{"line":202,"column":4},"end":{"line":205,"column":5}},"72":{"start":{"line":203,"column":6},"end":{"line":203,"column":35}},"73":{"start":{"line":204,"column":6},"end":{"line":204,"column":33}},"74":{"start":{"line":207,"column":4},"end":{"line":207,"column":40}},"75":{"start":{"line":209,"column":24},"end":{"line":209,"column":60}},"76":{"start":{"line":211,"column":4},"end":{"line":211,"column":28}},"77":{"start":{"line":214,"column":4},"end":{"line":214,"column":50}},"78":{"start":{"line":215,"column":4},"end":{"line":215,"column":66}},"79":{"start":{"line":219,"column":0},"end":{"line":219,"column":24}}},"fnMap":{"0":{"name":"(anonymous_0)","decl":{"start":{"line":8,"column":16},"end":{"line":8,"column":17}},"loc":{"start":{"line":8,"column":36},"end":{"line":66,"column":1}},"line":8},"1":{"name":"(anonymous_1)","decl":{"start":{"line":69,"column":19},"end":{"line":69,"column":20}},"loc":{"start":{"line":69,"column":39},"end":{"line":91,"column":1}},"line":69},"2":{"name":"(anonymous_2)","decl":{"start":{"line":96,"column":3},"end":{"line":96,"column":4}},"loc":{"start":{"line":96,"column":23},"end":{"line":130,"column":1}},"line":96},"3":{"name":"(anonymous_3)","decl":{"start":{"line":133,"column":77},"end":{"line":133,"column":78}},"loc":{"start":{"line":133,"column":97},"end":{"line":188,"column":1}},"line":133},"4":{"name":"(anonymous_4)","decl":{"start":{"line":191,"column":24},"end":{"line":191,"column":25}},"loc":{"start":{"line":191,"column":44},"end":{"line":217,"column":1}},"line":191}},"branchMap":{"0":{"loc":{"start":{"line":10,"column":12},"end":{"line":10,"column":20}},"type":"default-arg","locations":[{"start":{"line":10,"column":19},"end":{"line":10,"column":20}}],"line":10},"1":{"loc":{"start":{"line":10,"column":22},"end":{"line":10,"column":32}},"type":"default-arg","locations":[{"start":{"line":10,"column":30},"end":{"line":10,"column":32}}],"line":10},"2":{"loc":{"start":{"line":21,"column":4},"end":{"line":24,"column":5}},"type":"if","locations":[{"start":{"line":21,"column":4},"end":{"line":24,"column":5}},{"start":{},"end":{}}],"line":21},"3":{"loc":{"start":{"line":26,"column":4},"end":{"line":29,"column":5}},"type":"if","locations":[{"start":{"line":26,"column":4},"end":{"line":29,"column":5}},{"start":{},"end":{}}],"line":26},"4":{"loc":{"start":{"line":40,"column":4},"end":{"line":43,"column":5}},"type":"if","locations":[{"start":{"line":40,"column":4},"end":{"line":43,"column":5}},{"start":{},"end":{}}],"line":40},"5":{"loc":{"start":{"line":45,"column":4},"end":{"line":48,"column":5}},"type":"if","locations":[{"start":{"line":45,"column":4},"end":{"line":48,"column":5}},{"start":{},"end":{}}],"line":45},"6":{"loc":{"start":{"line":81,"column":4},"end":{"line":83,"column":5}},"type":"if","locations":[{"start":{"line":81,"column":4},"end":{"line":83,"column":5}},{"start":{},"end":{}}],"line":81},"7":{"loc":{"start":{"line":110,"column":8},"end":{"line":110,"column":25}},"type":"binary-expr","locations":[{"start":{"line":110,"column":8},"end":{"line":110,"column":20}},{"start":{"line":110,"column":24},"end":{"line":110,"column":25}}],"line":110},"8":{"loc":{"start":{"line":110,"column":27},"end":{"line":110,"column":41}},"type":"binary-expr","locations":[{"start":{"line":110,"column":27},"end":{"line":110,"column":36}},{"start":{"line":110,"column":40},"end":{"line":110,"column":41}}],"line":110},"9":{"loc":{"start":{"line":143,"column":4},"end":{"line":145,"column":5}},"type":"if","locations":[{"start":{"line":143,"column":4},"end":{"line":145,"column":5}},{"start":{},"end":{}}],"line":143},"10":{"loc":{"start":{"line":149,"column":4},"end":{"line":151,"column":5}},"type":"if","locations":[{"start":{"line":149,"column":4},"end":{"line":151,"column":5}},{"start":{},"end":{}}],"line":149},"11":{"loc":{"start":{"line":149,"column":8},"end":{"line":149,"column":72}},"type":"binary-expr","locations":[{"start":{"line":149,"column":8},"end":{"line":149,"column":33}},{"start":{"line":149,"column":37},"end":{"line":149,"column":72}}],"line":149},"12":{"loc":{"start":{"line":169,"column":4},"end":{"line":171,"column":5}},"type":"if","locations":[{"start":{"line":169,"column":4},"end":{"line":171,"column":5}},{"start":{},"end":{}}],"line":169},"13":{"loc":{"start":{"line":202,"column":4},"end":{"line":205,"column":5}},"type":"if","locations":[{"start":{"line":202,"column":4},"end":{"line":205,"column":5}},{"start":{},"end":{}}],"line":202}},"s":{"0":0,"1":0,"2":0,"3":0,"4":0,"5":0,"6":0,"7":0,"8":0,"9":0,"10":0,"11":0,"12":0,"13":0,"14":0,"15":0,"16":0,"17":0,"18":0,"19":0,"20":0,"21":0,"22":0,"23":0,"24":0,"25":0,"26":0,"27":0,"28":0,"29":0,"30":0,"31":0,"32":0,"33":0,"34":0,"35":0,"36":0,"37":0,"38":0,"39":0,"40":0,"41":0,"42":0,"43":0,"44":0,"45":0,"46":0,"47":0,"48":0,"49":0,"50":0,"51":0,"52":0,"53":0,"54":0,"55":0,"56":0,"57":0,"58":0,"59":0,"60":0,"61":0,"62":0,"63":0,"64":0,"65":0,"66":0,"67":0,"68":0,"69":0,"70":0,"71":0,"72":0,"73":0,"74":0,"75":0,"76":0,"77":0,"78":0,"79":0},"f":{"0":0,"1":0,"2":0,"3":0,"4":0},"b":{"0":[0],"1":[0],"2":[0,0],"3":[0,0],"4":[0,0],"5":[0,0],"6":[0,0],"7":[0,0],"8":[0,0],"9":[0,0],"10":[0,0],"11":[0,0],"12":[0,0],"13":[0,0]}}
,"C:\\Users\\Yugam\\Downloads\\Zestio\\backend\\routes\\users.js": {"path":"C:\\Users\\Yugam\\Downloads\\Zestio\\backend\\routes\\users.js","statementMap":{"0":{"start":{"line":1,"column":16},"end":{"line":1,"column":34}},"1":{"start":{"line":2,"column":17},"end":{"line":2,"column":46}},"2":{"start":{"line":3,"column":46},"end":{"line":3,"column":75}},"3":{"start":{"line":5,"column":15},"end":{"line":5,"column":31}},"4":{"start":{"line":8,"column":0},"end":{"line":61,"column":3}},"5":{"start":{"line":9,"column":2},"end":{"line":60,"column":3}},"6":{"start":{"line":10,"column":51},"end":{"line":10,"column":60}},"7":{"start":{"line":11,"column":19},"end":{"line":11,"column":37}},"8":{"start":{"line":13,"column":16},"end":{"line":13,"column":118}},"9":{"start":{"line":14,"column":24},"end":{"line":14,"column":26}},"10":{"start":{"line":16,"column":4},"end":{"line":19,"column":5}},"11":{"start":{"line":17,"column":6},"end":{"line":17,"column":31}},"12":{"start":{"line":18,"column":6},"end":{"line":18,"column":29}},"13":{"start":{"line":21,"column":4},"end":{"line":24,"column":5}},"14":{"start":{"line":22,"column":6},"end":{"line":22,"column":52}},"15":{"start":{"line":23,"column":6},"end":{"line":23,"column":53}},"16":{"start":{"line":26,"column":4},"end":{"line":26,"column":58}},"17":{"start":{"line":27,"column":4},"end":{"line":27,"column":56}},"18":{"start":{"line":29,"column":20},"end":{"line":29,"column":56}},"19":{"start":{"line":32,"column":21},"end":{"line":32,"column":68}},"20":{"start":{"line":33,"column":24},"end":{"line":33,"column":26}},"21":{"start":{"line":35,"column":4},"end":{"line":38,"column":5}},"22":{"start":{"line":36,"column":6},"end":{"line":36,"column":36}},"23":{"start":{"line":37,"column":6},"end":{"line":37,"column":29}},"24":{"start":{"line":40,"column":4},"end":{"line":43,"column":5}},"25":{"start":{"line":41,"column":6},"end":{"line":41,"column":57}},"26":{"start":{"line":42,"column":6},"end":{"line":42,"column":53}},"27":{"start":{"line":45,"column":26},"end":{"line":45,"column":67}},"28":{"start":{"line":47,"column":4},"end":{"line":55,"column":7}},"29":{"start":{"line":58,"column":4},"end":{"line":58,"column":45}},"30":{"start":{"line":59,"column":4},"end":{"line":59,"column":61}},"31":{"start":{"line":64,"column":0},"end":{"line":88,"column":3}},"32":{"start":{"line":65,"column":2},"end":{"line":87,"column":3}},"33":{"start":{"line":66,"column":19},"end":{"line":66,"column":29}},"34":{"start":{"line":69,"column":4},"end":{"line":71,"column":5}},"35":{"start":{"line":70,"column":6},"end":{"line":70,"column":62}},"36":{"start":{"line":73,"column":20},"end":{"line":76,"column":5}},"37":{"start":{"line":78,"column":4},"end":{"line":80,"column":5}},"38":{"start":{"line":79,"column":6},"end":{"line":79,"column":63}},"39":{"start":{"line":82,"column":4},"end":{"line":82,"column":33}},"40":{"start":{"line":85,"column":4},"end":{"line":85,"column":44}},"41":{"start":{"line":86,"column":4},"end":{"line":86,"column":60}},"42":{"start":{"line":91,"column":0},"end":{"line":190,"column":3}},"43":{"start":{"line":92,"column":2},"end":{"line":189,"column":3}},"44":{"start":{"line":93,"column":19},"end":{"line":93,"column":29}},"45":{"start":{"line":94,"column":73},"end":{"line":94,"column":81}},"46":{"start":{"line":97,"column":4},"end":{"line":107,"column":5}},"47":{"start":{"line":99,"column":6},"end":{"line":101,"column":7}},"48":{"start":{"line":100,"column":8},"end":{"line":100,"column":64}},"49":{"start":{"line":104,"column":6},"end":{"line":106,"column":7}},"50":{"start":{"line":105,"column":8},"end":{"line":105,"column":86}},"51":{"start":{"line":110,"column":28},"end":{"line":113,"column":5}},"52":{"start":{"line":115,"column":4},"end":{"line":117,"column":5}},"53":{"start":{"line":116,"column":6},"end":{"line":116,"column":63}},"54":{"start":{"line":120,"column":4},"end":{"line":129,"column":5}},"55":{"start":{"line":121,"column":27},"end":{"line":124,"column":7}},"56":{"start":{"line":126,"column":6},"end":{"line":128,"column":7}},"57":{"start":{"line":127,"column":8},"end":{"line":127,"column":71}},"58":{"start":{"line":132,"column":25},"end":{"line":132,"column":27}},"59":{"start":{"line":133,"column":25},"end":{"line":133,"column":27}},"60":{"start":{"line":135,"column":4},"end":{"line":138,"column":5}},"61":{"start":{"line":136,"column":6},"end":{"line":136,"column":36}},"62":{"start":{"line":137,"column":6},"end":{"line":137,"column":30}},"63":{"start":{"line":139,"column":4},"end":{"line":142,"column":5}},"64":{"start":{"line":140,"column":6},"end":{"line":140,"column":37}},"65":{"start":{"line":141,"column":6},"end":{"line":141,"column":31}},"66":{"start":{"line":143,"column":4},"end":{"line":146,"column":5}},"67":{"start":{"line":144,"column":6},"end":{"line":144,"column":36}},"68":{"start":{"line":145,"column":6},"end":{"line":145,"column":30}},"69":{"start":{"line":147,"column":4},"end":{"line":150,"column":5}},"70":{"start":{"line":148,"column":6},"end":{"line":148,"column":37}},"71":{"start":{"line":149,"column":6},"end":{"line":149,"column":31}},"72":{"start":{"line":151,"column":4},"end":{"line":154,"column":5}},"73":{"start":{"line":152,"column":6},"end":{"line":152,"column":39}},"74":{"start":{"line":153,"column":6},"end":{"line":153,"column":33}},"75":{"start":{"line":155,"column":4},"end":{"line":158,"column":5}},"76":{"start":{"line":156,"column":6},"end":{"line":156,"column":42}},"77":{"start":{"line":157,"column":6},"end":{"line":157,"column":36}},"78":{"start":{"line":159,"column":4},"end":{"line":162,"column":5}},"79":{"start":{"line":160,"column":6},"end":{"line":160,"column":41}},"80":{"start":{"line":161,"column":6},"end":{"line":161,"column":35}},"81":{"start":{"line":164,"column":4},"end":{"line":166,"column":5}},"82":{"start":{"line":165,"column":6},"end":{"line":165,"column":68}},"83":{"start":{"line":168,"column":4},"end":{"line":168,"column":26}},"84":{"start":{"line":170,"column":4},"end":{"line":173,"column":6}},"85":{"start":{"line":176,"column":26},"end":{"line":179,"column":5}},"86":{"start":{"line":181,"column":4},"end":{"line":184,"column":7}},"87":{"start":{"line":187,"column":4},"end":{"line":187,"column":47}},"88":{"start":{"line":188,"column":4},"end":{"line":188,"column":61}},"89":{"start":{"line":193,"column":0},"end":{"line":237,"column":3}},"90":{"start":{"line":194,"column":2},"end":{"line":236,"column":3}},"91":{"start":{"line":195,"column":19},"end":{"line":195,"column":29}},"92":{"start":{"line":198,"column":4},"end":{"line":200,"column":5}},"93":{"start":{"line":199,"column":6},"end":{"line":199,"column":79}},"94":{"start":{"line":203,"column":27},"end":{"line":206,"column":5}},"95":{"start":{"line":208,"column":4},"end":{"line":210,"column":5}},"96":{"start":{"line":209,"column":6},"end":{"line":209,"column":86}},"97":{"start":{"line":213,"column":26},"end":{"line":216,"column":5}},"98":{"start":{"line":218,"column":4},"end":{"line":220,"column":5}},"99":{"start":{"line":219,"column":6},"end":{"line":219,"column":89}},"100":{"start":{"line":222,"column":21},"end":{"line":225,"column":5}},"101":{"start":{"line":227,"column":4},"end":{"line":229,"column":5}},"102":{"start":{"line":228,"column":6},"end":{"line":228,"column":63}},"103":{"start":{"line":231,"column":4},"end":{"line":231,"column":55}},"104":{"start":{"line":234,"column":4},"end":{"line":234,"column":47}},"105":{"start":{"line":235,"column":4},"end":{"line":235,"column":61}},"106":{"start":{"line":240,"column":0},"end":{"line":273,"column":3}},"107":{"start":{"line":241,"column":2},"end":{"line":272,"column":3}},"108":{"start":{"line":242,"column":19},"end":{"line":242,"column":29}},"109":{"start":{"line":245,"column":4},"end":{"line":247,"column":5}},"110":{"start":{"line":246,"column":6},"end":{"line":246,"column":83}},"111":{"start":{"line":249,"column":21},"end":{"line":252,"column":5}},"112":{"start":{"line":254,"column":4},"end":{"line":256,"column":5}},"113":{"start":{"line":255,"column":6},"end":{"line":255,"column":63}},"114":{"start":{"line":259,"column":26},"end":{"line":262,"column":5}},"115":{"start":{"line":264,"column":4},"end":{"line":267,"column":7}},"116":{"start":{"line":270,"column":4},"end":{"line":270,"column":54}},"117":{"start":{"line":271,"column":4},"end":{"line":271,"column":68}},"118":{"start":{"line":276,"column":0},"end":{"line":311,"column":3}},"119":{"start":{"line":277,"column":2},"end":{"line":310,"column":3}},"120":{"start":{"line":279,"column":24},"end":{"line":283,"column":6}},"121":{"start":{"line":286,"column":26},"end":{"line":291,"column":6}},"122":{"start":{"line":294,"column":26},"end":{"line":299,"column":6}},"123":{"start":{"line":301,"column":4},"end":{"line":305,"column":7}},"124":{"start":{"line":308,"column":4},"end":{"line":308,"column":50}},"125":{"start":{"line":309,"column":4},"end":{"line":309,"column":71}},"126":{"start":{"line":313,"column":0},"end":{"line":313,"column":24}}},"fnMap":{"0":{"name":"(anonymous_0)","decl":{"start":{"line":8,"column":60},"end":{"line":8,"column":61}},"loc":{"start":{"line":8,"column":80},"end":{"line":61,"column":1}},"line":8},"1":{"name":"(anonymous_1)","decl":{"start":{"line":64,"column":38},"end":{"line":64,"column":39}},"loc":{"start":{"line":64,"column":58},"end":{"line":88,"column":1}},"line":64},"2":{"name":"(anonymous_2)","decl":{"start":{"line":91,"column":38},"end":{"line":91,"column":39}},"loc":{"start":{"line":91,"column":58},"end":{"line":190,"column":1}},"line":91},"3":{"name":"(anonymous_3)","decl":{"start":{"line":193,"column":66},"end":{"line":193,"column":67}},"loc":{"start":{"line":193,"column":86},"end":{"line":237,"column":1}},"line":193},"4":{"name":"(anonymous_4)","decl":{"start":{"line":240,"column":79},"end":{"line":240,"column":80}},"loc":{"start":{"line":240,"column":99},"end":{"line":273,"column":1}},"line":240},"5":{"name":"(anonymous_5)","decl":{"start":{"line":276,"column":74},"end":{"line":276,"column":75}},"loc":{"start":{"line":276,"column":94},"end":{"line":311,"column":1}},"line":276}},"branchMap":{"0":{"loc":{"start":{"line":10,"column":12},"end":{"line":10,"column":20}},"type":"default-arg","locations":[{"start":{"line":10,"column":19},"end":{"line":10,"column":20}}],"line":10},"1":{"loc":{"start":{"line":10,"column":22},"end":{"line":10,"column":32}},"type":"default-arg","locations":[{"start":{"line":10,"column":30},"end":{"line":10,"column":32}}],"line":10},"2":{"loc":{"start":{"line":16,"column":4},"end":{"line":19,"column":5}},"type":"if","locations":[{"start":{"line":16,"column":4},"end":{"line":19,"column":5}},{"start":{},"end":{}}],"line":16},"3":{"loc":{"start":{"line":21,"column":4},"end":{"line":24,"column":5}},"type":"if","locations":[{"start":{"line":21,"column":4},"end":{"line":24,"column":5}},{"start":{},"end":{}}],"line":21},"4":{"loc":{"start":{"line":35,"column":4},"end":{"line":38,"column":5}},"type":"if","locations":[{"start":{"line":35,"column":4},"end":{"line":38,"column":5}},{"start":{},"end":{}}],"line":35},"5":{"loc":{"start":{"line":40,"column":4},"end":{"line":43,"column":5}},"type":"if","locations":[{"start":{"line":40,"column":4},"end":{"line":43,"column":5}},{"start":{},"end":{}}],"line":40},"6":{"loc":{"start":{"line":69,"column":4},"end":{"line":71,"column":5}},"type":"if","locations":[{"start":{"line":69,"column":4},"end":{"line":71,"column":5}},{"start":{},"end":{}}],"line":69},"7":{"loc":{"start":{"line":69,"column":8},"end":{"line":69,"column":65}},"type":"binary-expr","locations":[{"start":{"line":69,"column":8},"end":{"line":69,"column":33}},{"start":{"line":69,"column":37},"end":{"line":69,"column":65}}],"line":69},"8":{"loc":{"start":{"line":78,"column":4},"end":{"line":80,"column":5}},"type":"if","locations":[{"start":{"line":78,"column":4},"end":{"line":80,"column":5}},{"start":{},"end":{}}],"line":78},"9":{"loc":{"start":{"line":97,"column":4},"end":{"line":107,"column":5}},"type":"if","locations":[{"start":{"line":97,"column":4},"end":{"line":107,"column":5}},{"start":{},"end":{}}],"line":97},"10":{"loc":{"start":{"line":99,"column":6},"end":{"line":101,"column":7}},"type":"if","locations":[{"start":{"line":99,"column":6},"end":{"line":101,"column":7}},{"start":{},"end":{}}],"line":99},"11":{"loc":{"start":{"line":104,"column":6},"end":{"line":106,"column":7}},"type":"if","locations":[{"start":{"line":104,"column":6},"end":{"line":106,"column":7}},{"start":{},"end":{}}],"line":104},"12":{"loc":{"start":{"line":104,"column":10},"end":{"line":104,"column":55}},"type":"binary-expr","locations":[{"start":{"line":104,"column":10},"end":{"line":104,"column":28}},{"start":{"line":104,"column":32},"end":{"line":104,"column":55}}],"line":104},"13":{"loc":{"start":{"line":115,"column":4},"end":{"line":117,"column":5}},"type":"if","locations":[{"start":{"line":115,"column":4},"end":{"line":117,"column":5}},{"start":{},"end":{}}],"line":115},"14":{"loc":{"start":{"line":120,"column":4},"end":{"line":129,"column":5}},"type":"if","locations":[{"start":{"line":120,"column":4},"end":{"line":129,"column":5}},{"start":{},"end":{}}],"line":120},"15":{"loc":{"start":{"line":126,"column":6},"end":{"line":128,"column":7}},"type":"if","locations":[{"start":{"line":126,"column":6},"end":{"line":128,"column":7}},{"start":{},"end":{}}],"line":126},"16":{"loc":{"start":{"line":135,"column":4},"end":{"line":138,"column":5}},"type":"if","locations":[{"start":{"line":135,"column":4},"end":{"line":138,"column":5}},{"start":{},"end":{}}],"line":135},"17":{"loc":{"start":{"line":139,"column":4},"end":{"line":142,"column":5}},"type":"if","locations":[{"start":{"line":139,"column":4},"end":{"line":142,"column":5}},{"start":{},"end":{}}],"line":139},"18":{"loc":{"start":{"line":143,"column":4},"end":{"line":146,"column":5}},"type":"if","locations":[{"start":{"line":143,"column":4},"end":{"line":146,"column":5}},{"start":{},"end":{}}],"line":143},"19":{"loc":{"start":{"line":143,"column":8},"end":{"line":143,"column":55}},"type":"binary-expr","locations":[{"start":{"line":143,"column":8},"end":{"line":143,"column":26}},{"start":{"line":143,"column":30},"end":{"line":143,"column":55}}],"line":143},"20":{"loc":{"start":{"line":147,"column":4},"end":{"line":150,"column":5}},"type":"if","locations":[{"start":{"line":147,"column":4},"end":{"line":150,"column":5}},{"start":{},"end":{}}],"line":147},"21":{"loc":{"start":{"line":151,"column":4},"end":{"line":154,"column":5}},"type":"if","locations":[{"start":{"line":151,"column":4},"end":{"line":154,"column":5}},{"start":{},"end":{}}],"line":151},"22":{"loc":{"start":{"line":155,"column":4},"end":{"line":158,"column":5}},"type":"if","locations":[{"start":{"line":155,"column":4},"end":{"line":158,"column":5}},{"start":{},"end":{}}],"line":155},"23":{"loc":{"start":{"line":159,"column":4},"end":{"line":162,"column":5}},"type":"if","locations":[{"start":{"line":159,"column":4},"end":{"line":162,"column":5}},{"start":{},"end":{}}],"line":159},"24":{"loc":{"start":{"line":159,"column":8},"end":{"line":159,"column":60}},"type":"binary-expr","locations":[{"start":{"line":159,"column":8},"end":{"line":159,"column":31}},{"start":{"line":159,"column":35},"end":{"line":159,"column":60}}],"line":159},"25":{"loc":{"start":{"line":164,"column":4},"end":{"line":166,"column":5}},"type":"if","locations":[{"start":{"line":164,"column":4},"end":{"line":166,"column":5}},{"start":{},"end":{}}],"line":164},"26":{"loc":{"start":{"line":198,"column":4},"end":{"line":200,"column":5}},"type":"if","locations":[{"start":{"line":198,"column":4},"end":{"line":200,"column":5}},{"start":{},"end":{}}],"line":198},"27":{"loc":{"start":{"line":208,"column":4},"end":{"line":210,"column":5}},"type":"if","locations":[{"start":{"line":208,"column":4},"end":{"line":210,"column":5}},{"start":{},"end":{}}],"line":208},"28":{"loc":{"start":{"line":218,"column":4},"end":{"line":220,"column":5}},"type":"if","locations":[{"start":{"line":218,"column":4},"end":{"line":220,"column":5}},{"start":{},"end":{}}],"line":218},"29":{"loc":{"start":{"line":227,"column":4},"end":{"line":229,"column":5}},"type":"if","locations":[{"start":{"line":227,"column":4},"end":{"line":229,"column":5}},{"start":{},"end":{}}],"line":227},"30":{"loc":{"start":{"line":245,"column":4},"end":{"line":247,"column":5}},"type":"if","locations":[{"start":{"line":245,"column":4},"end":{"line":247,"column":5}},{"start":{},"end":{}}],"line":245},"31":{"loc":{"start":{"line":254,"column":4},"end":{"line":256,"column":5}},"type":"if","locations":[{"start":{"line":254,"column":4},"end":{"line":256,"column":5}},{"start":{},"end":{}}],"line":254},"32":{"loc":{"start":{"line":265,"column":23},"end":{"line":265,"column":77}},"type":"cond-expr","locations":[{"start":{"line":265,"column":50},"end":{"line":265,"column":61}},{"start":{"line":265,"column":64},"end":{"line":265,"column":77}}],"line":265}},"s":{"0":0,"1":0,"2":0,"3":0,"4":0,"5":0,"6":0,"7":0,"8":0,"9":0,"10":0,"11":0,"12":0,"13":0,"14":0,"15":0,"16":0,"17":0,"18":0,"19":0,"20":0,"21":0,"22":0,"23":0,"24":0,"25":0,"26":0,"27":0,"28":0,"29":0,"30":0,"31":0,"32":0,"33":0,"34":0,"35":0,"36":0,"37":0,"38":0,"39":0,"40":0,"41":0,"42":0,"43":0,"44":0,"45":0,"46":0,"47":0,"48":0,"49":0,"50":0,"51":0,"52":0,"53":0,"54":0,"55":0,"56":0,"57":0,"58":0,"59":0,"60":0,"61":0,"62":0,"63":0,"64":0,"65":0,"66":0,"67":0,"68":0,"69":0,"70":0,"71":0,"72":0,"73":0,"74":0,"75":0,"76":0,"77":0,"78":0,"79":0,"80":0,"81":0,"82":0,"83":0,"84":0,"85":0,"86":0,"87":0,"88":0,"89":0,"90":0,"91":0,"92":0,"93":0,"94":0,"95":0,"96":0,"97":0,"98":0,"99":0,"100":0,"101":0,"102":0,"103":0,"104":0,"105":0,"106":0,"107":0,"108":0,"109":0,"110":0,"111":0,"112":0,"113":0,"114":0,"115":0,"116":0,"117":0,"118":0,"119":0,"120":0,"121":0,"122":0,"123":0,"124":0,"125":0,"126":0},"f":{"0":0,"1":0,"2":0,"3":0,"4":0,"5":0},"b":{"0":[0],"1":[0],"2":[0,0],"3":[0,0],"4":[0,0],"5":[0,0],"6":[0,0],"7":[0,0],"8":[0,0],"9":[0,0],"10":[0,0],"11":[0,0],"12":[0,0],"13":[0,0],"14":[0,0],"15":[0,0],"16":[0,0],"17":[0,0],"18":[0,0],"19":[0,0],"20":[0,0],"21":[0,0],"22":[0,0],"23":[0,0],"24":[0,0],"25":[0,0],"26":[0,0],"27":[0,0],"28":[0,0],"29":[0,0],"30":[0,0],"31":[0,0],"32":[0,0]}}
}
